#
# There is insufficient memory for the Java Runtime Environment to continue.
# Native memory allocation (malloc) failed to allocate 1874896 bytes. Error detail: Chunk::new
# Possible reasons:
#   The system is out of physical RAM or swap space
#   This process is running with CompressedOops enabled, and the Java Heap may be blocking the growth of the native heap
# Possible solutions:
#   Reduce memory load on the system
#   Increase physical memory or swap space
#   Check if swap backing store is full
#   Decrease Java heap size (-Xmx/-Xms)
#   Decrease number of Java threads
#   Decrease Java thread stack sizes (-Xss)
#   Set larger code cache with -XX:ReservedCodeCacheSize=
#   JVM is running with Unscaled Compressed Oops mode in which the Java heap is
#     placed in the first 4GB address space. The Java Heap base address is the
#     maximum limit for the native heap growth. Please use -XX:HeapBaseMinAddress
#     to set the Java Heap base and to place the Java Heap above 4GB virtual address.
# This output file may be truncated or incomplete.
#
#  Out of Memory Error (arena.cpp:168), pid=18444, tid=1336
#
# JRE version: OpenJDK Runtime Environment (21.0.9) (build 21.0.9+-14787801-b1163.94)
# Java VM: OpenJDK 64-Bit Server VM (21.0.9+-14787801-b1163.94, mixed mode, tiered, compressed oops, compressed class ptrs, g1 gc, windows-amd64)
# No core dump will be written. Minidumps are not enabled by default on client versions of Windows
#

---------------  S U M M A R Y ------------

Command Line: --add-opens=java.base/java.lang=ALL-UNNAMED --add-opens=java.base/java.lang.invoke=ALL-UNNAMED --add-opens=java.base/java.util=ALL-UNNAMED --add-opens=java.prefs/java.util.prefs=ALL-UNNAMED --add-exports=jdk.compiler/com.sun.tools.javac.api=ALL-UNNAMED --add-exports=jdk.compiler/com.sun.tools.javac.util=ALL-UNNAMED --add-opens=java.base/java.util=ALL-UNNAMED --add-opens=java.prefs/java.util.prefs=ALL-UNNAMED --add-opens=java.base/java.nio.charset=ALL-UNNAMED --add-opens=java.base/java.net=ALL-UNNAMED --add-opens=java.base/java.util.concurrent.atomic=ALL-UNNAMED --add-opens=java.xml/javax.xml.namespace=ALL-UNNAMED -Xmx2048m -Dfile.encoding=UTF-8 -Duser.country=US -Duser.language=en -Duser.variant -javaagent:C:\Users\PC\.gradle\wrapper\dists\gradle-8.13-bin\5xuhj0ry160q40clulazy9h7d\gradle-8.13\lib\agents\gradle-instrumentation-agent-8.13.jar org.gradle.launcher.daemon.bootstrap.GradleDaemon 8.13

Host: 12th Gen Intel(R) Core(TM) i7-12650H, 16 cores, 15G,  Windows 11 , 64 bit Build 26100 (10.0.26100.7920)
Time: Sun Apr 12 20:55:38 2026 SE Asia Standard Time elapsed time: 29.177634 seconds (0d 0h 0m 29s)

---------------  T H R E A D  ---------------

Current thread (0x000001e1cf9dc600):  JavaThread "C2 CompilerThread1" daemon [_thread_in_native, id=1336, stack(0x000000889e700000,0x000000889e800000) (1024K)]


Current CompileTask:
C2:29177 7142   !   4       java.net.URLClassLoader::findClass (47 bytes)

Stack: [0x000000889e700000,0x000000889e800000]
Native frames: (J=compiled Java code, j=interpreted, Vv=VM code, C=native code)
V  [jvm.dll+0x6d6c99]
V  [jvm.dll+0x866b83]
V  [jvm.dll+0x8691ae]
V  [jvm.dll+0x869893]
V  [jvm.dll+0x280776]
V  [jvm.dll+0xc07cd]
V  [jvm.dll+0xc0d03]
V  [jvm.dll+0x3b9831]
V  [jvm.dll+0x3856a7]
V  [jvm.dll+0x384b1a]
V  [jvm.dll+0x249462]
V  [jvm.dll+0x248a31]
V  [jvm.dll+0x1c7344]
V  [jvm.dll+0x2581ae]
V  [jvm.dll+0x2566f6]
V  [jvm.dll+0x3f48a6]
V  [jvm.dll+0x80f118]
V  [jvm.dll+0x6d54ed]
C  [ucrtbase.dll+0x37b0]
C  [KERNEL32.DLL+0x2e8d7]
C  [ntdll.dll+0x8c48c]


---------------  P R O C E S S  ---------------

Threads class SMR info:
_java_thread_list=0x000001e1cff1aa10, length=73, elements={
0x000001e1aacd49f0, 0x000001e1c53936c0, 0x000001e1c53a3ad0, 0x000001e1c53d41a0,
0x000001e1c5399150, 0x000001e1c53ddd50, 0x000001e1c539a260, 0x000001e1c539acc0,
0x000001e1c53c0cd0, 0x000001e1c53eefc0, 0x000001e1c587d790, 0x000001e1caad24a0,
0x000001e1c55dbb90, 0x000001e1cb5741c0, 0x000001e1cab0cfc0, 0x000001e1cab0d630,
0x000001e1caa85030, 0x000001e1cb5e21d0, 0x000001e1cb62ce70, 0x000001e1cb62c150,
0x000001e1cb62e220, 0x000001e1cb62d500, 0x000001e1cb62e8b0, 0x000001e1cb62f5d0,
0x000001e1cb62ef40, 0x000001e1cb62db90, 0x000001e1cb95d0d0, 0x000001e1cb95a970,
0x000001e1cb95a2e0, 0x000001e1cb95b690, 0x000001e1cb95e480, 0x000001e1cb95ca40,
0x000001e1cb95bd20, 0x000001e1cb95d760, 0x000001e1cb95ddf0, 0x000001e1cb95fec0,
0x000001e1cb960be0, 0x000001e1cb960550, 0x000001e1cb961270, 0x000001e1cb95f830,
0x000001e1cb961900, 0x000001e1cb95eb10, 0x000001e1cb95f1a0, 0x000001e1cdb1e5b0,
0x000001e1cdb1cb70, 0x000001e1cdb1df20, 0x000001e1cdb1be50, 0x000001e1cdb1f2d0,
0x000001e1cdb1c4e0, 0x000001e1cdb1d200, 0x000001e1cdb1d890, 0x000001e1cdb1ec40,
0x000001e1cefd8c40, 0x000001e1cefd92d0, 0x000001e1cefdba30, 0x000001e1cefdc0c0,
0x000001e1cefdc750, 0x000001e1cefdcde0, 0x000001e1cefd9ff0, 0x000001e1cefda680,
0x000001e1cefdd470, 0x000001e1cefddb00, 0x000001e1cefde190, 0x000001e1cefdad10,
0x000001e1cefde820, 0x000001e1cefdb3a0, 0x000001e1cefdeeb0, 0x000001e1cefdf540,
0x000001e1cefdfbd0, 0x000001e1cefe0260, 0x000001e1cf9dc600, 0x000001e1d0378b80,
0x000001e1d02f4010
}

Java Threads: ( => current thread )
  0x000001e1aacd49f0 JavaThread "main"                              [_thread_blocked, id=11788, stack(0x0000008899200000,0x0000008899300000) (1024K)]
  0x000001e1c53936c0 JavaThread "Common-Cleaner"             daemon [_thread_blocked, id=6800, stack(0x0000008899a00000,0x0000008899b00000) (1024K)]
  0x000001e1c53a3ad0 JavaThread "Reference Handler"          daemon [_thread_blocked, id=17400, stack(0x0000008899b00000,0x0000008899c00000) (1024K)]
  0x000001e1c53d41a0 JavaThread "Finalizer"                  daemon [_thread_blocked, id=8880, stack(0x0000008899c00000,0x0000008899d00000) (1024K)]
  0x000001e1c5399150 JavaThread "Signal Dispatcher"          daemon [_thread_blocked, id=6404, stack(0x0000008899d00000,0x0000008899e00000) (1024K)]
  0x000001e1c53ddd50 JavaThread "Attach Listener"            daemon [_thread_blocked, id=15944, stack(0x0000008899e00000,0x0000008899f00000) (1024K)]
  0x000001e1c539a260 JavaThread "Service Thread"             daemon [_thread_blocked, id=8852, stack(0x0000008899f00000,0x000000889a000000) (1024K)]
  0x000001e1c539acc0 JavaThread "Monitor Deflation Thread"   daemon [_thread_blocked, id=10932, stack(0x000000889a000000,0x000000889a100000) (1024K)]
  0x000001e1c53c0cd0 JavaThread "C2 CompilerThread0"         daemon [_thread_in_native, id=21972, stack(0x000000889a100000,0x000000889a200000) (1024K)]
  0x000001e1c53eefc0 JavaThread "C1 CompilerThread0"         daemon [_thread_blocked, id=23020, stack(0x000000889a200000,0x000000889a300000) (1024K)]
  0x000001e1c587d790 JavaThread "Notification Thread"        daemon [_thread_blocked, id=8868, stack(0x000000889a500000,0x000000889a600000) (1024K)]
  0x000001e1caad24a0 JavaThread "Daemon health stats"               [_thread_blocked, id=892, stack(0x000000889ad00000,0x000000889ae00000) (1024K)]
  0x000001e1c55dbb90 JavaThread "Incoming local TCP Connector on port 26778"        [_thread_in_native, id=5540, stack(0x000000889a300000,0x000000889a400000) (1024K)]
  0x000001e1cb5741c0 JavaThread "Daemon periodic checks"            [_thread_blocked, id=3532, stack(0x000000889b000000,0x000000889b100000) (1024K)]
  0x000001e1cab0cfc0 JavaThread "Daemon"                            [_thread_blocked, id=22760, stack(0x000000889b100000,0x000000889b200000) (1024K)]
  0x000001e1cab0d630 JavaThread "Handler for socket connection from /127.0.0.1:26778 to /127.0.0.1:26779"        [_thread_in_native, id=9344, stack(0x000000889b200000,0x000000889b300000) (1024K)]
  0x000001e1caa85030 JavaThread "Cancel handler"                    [_thread_blocked, id=2092, stack(0x000000889b300000,0x000000889b400000) (1024K)]
  0x000001e1cb5e21d0 JavaThread "Daemon worker"                     [_thread_in_vm, id=20340, stack(0x000000889b400000,0x000000889b500000) (1024K)]
  0x000001e1cb62ce70 JavaThread "Asynchronous log dispatcher for DefaultDaemonConnection: socket connection from /127.0.0.1:26778 to /127.0.0.1:26779"        [_thread_blocked, id=14776, stack(0x000000889b500000,0x000000889b600000) (1024K)]
  0x000001e1cb62c150 JavaThread "Stdin handler"                     [_thread_blocked, id=8344, stack(0x000000889b600000,0x000000889b700000) (1024K)]
  0x000001e1cb62e220 JavaThread "Daemon client event forwarder"        [_thread_blocked, id=4620, stack(0x000000889b700000,0x000000889b800000) (1024K)]
  0x000001e1cb62d500 JavaThread "Cache worker for journal cache (C:\Users\PC\.gradle\caches\journal-1)"        [_thread_blocked, id=18072, stack(0x000000889c100000,0x000000889c200000) (1024K)]
  0x000001e1cb62e8b0 JavaThread "File lock request listener"        [_thread_in_native, id=18468, stack(0x000000889c200000,0x000000889c300000) (1024K)]
  0x000001e1cb62f5d0 JavaThread "Cache worker for file hash cache (C:\Users\PC\.gradle\caches\8.13\fileHashes)"        [_thread_blocked, id=2412, stack(0x000000889c300000,0x000000889c400000) (1024K)]
  0x000001e1cb62ef40 JavaThread "Cache worker for file hash cache (F:\Mobile-Project-main\Mobile-Project-main\kid_app\.gradle\8.13\fileHashes)"        [_thread_blocked, id=6736, stack(0x000000889c400000,0x000000889c500000) (1024K)]
  0x000001e1cb62db90 JavaThread "Cache worker for Build Output Cleanup Cache (F:\Mobile-Project-main\Mobile-Project-main\kid_app\.gradle\buildOutputCleanup)"        [_thread_blocked, id=15960, stack(0x000000889c500000,0x000000889c600000) (1024K)]
  0x000001e1cb95d0d0 JavaThread "File watcher server"        daemon [_thread_in_native, id=5176, stack(0x000000889c600000,0x000000889c700000) (1024K)]
  0x000001e1cb95a970 JavaThread "File watcher consumer"      daemon [_thread_blocked, id=23004, stack(0x000000889c700000,0x000000889c800000) (1024K)]
  0x000001e1cb95a2e0 JavaThread "jar transforms"                    [_thread_blocked, id=4284, stack(0x000000889c800000,0x000000889c900000) (1024K)]
  0x000001e1cb95b690 JavaThread "jar transforms Thread 2"           [_thread_blocked, id=21564, stack(0x000000889c900000,0x000000889ca00000) (1024K)]
  0x000001e1cb95e480 JavaThread "Cache worker for checksums cache (F:\Mobile-Project-main\Mobile-Project-main\kid_app\.gradle\8.13\checksums)"        [_thread_blocked, id=13048, stack(0x000000889cc00000,0x000000889cd00000) (1024K)]
  0x000001e1cb95ca40 JavaThread "Cache worker for file content cache (C:\Users\PC\.gradle\caches\8.13\fileContent)"        [_thread_blocked, id=8492, stack(0x000000889cd00000,0x000000889ce00000) (1024K)]
  0x000001e1cb95bd20 JavaThread "jar transforms Thread 3"           [_thread_blocked, id=11212, stack(0x000000889ce00000,0x000000889cf00000) (1024K)]
  0x000001e1cb95d760 JavaThread "Cache worker for cache directory md-supplier (C:\Users\PC\.gradle\caches\8.13\md-supplier)"        [_thread_blocked, id=12124, stack(0x000000889cf00000,0x000000889d000000) (1024K)]
  0x000001e1cb95ddf0 JavaThread "Cache worker for cache directory md-rule (C:\Users\PC\.gradle\caches\8.13\md-rule)"        [_thread_blocked, id=14172, stack(0x000000889d000000,0x000000889d100000) (1024K)]
  0x000001e1cb95fec0 JavaThread "Unconstrained build operations"        [_thread_blocked, id=16112, stack(0x000000889af00000,0x000000889b000000) (1024K)]
  0x000001e1cb960be0 JavaThread "Unconstrained build operations Thread 2"        [_thread_blocked, id=1680, stack(0x000000889ca00000,0x000000889cb00000) (1024K)]
  0x000001e1cb960550 JavaThread "Unconstrained build operations Thread 3"        [_thread_blocked, id=13244, stack(0x000000889cb00000,0x000000889cc00000) (1024K)]
  0x000001e1cb961270 JavaThread "Unconstrained build operations Thread 4"        [_thread_blocked, id=10904, stack(0x000000889d100000,0x000000889d200000) (1024K)]
  0x000001e1cb95f830 JavaThread "Unconstrained build operations Thread 5"        [_thread_blocked, id=15720, stack(0x000000889d200000,0x000000889d300000) (1024K)]
  0x000001e1cb961900 JavaThread "Unconstrained build operations Thread 6"        [_thread_blocked, id=3184, stack(0x000000889d300000,0x000000889d400000) (1024K)]
  0x000001e1cb95eb10 JavaThread "Unconstrained build operations Thread 7"        [_thread_blocked, id=16396, stack(0x000000889d400000,0x000000889d500000) (1024K)]
  0x000001e1cb95f1a0 JavaThread "Unconstrained build operations Thread 8"        [_thread_blocked, id=5552, stack(0x000000889d500000,0x000000889d600000) (1024K)]
  0x000001e1cdb1e5b0 JavaThread "Unconstrained build operations Thread 9"        [_thread_blocked, id=13356, stack(0x000000889d600000,0x000000889d700000) (1024K)]
  0x000001e1cdb1cb70 JavaThread "Unconstrained build operations Thread 10"        [_thread_blocked, id=9752, stack(0x000000889d700000,0x000000889d800000) (1024K)]
  0x000001e1cdb1df20 JavaThread "Unconstrained build operations Thread 11"        [_thread_blocked, id=5700, stack(0x000000889d800000,0x000000889d900000) (1024K)]
  0x000001e1cdb1be50 JavaThread "Unconstrained build operations Thread 12"        [_thread_blocked, id=21524, stack(0x000000889d900000,0x000000889da00000) (1024K)]
  0x000001e1cdb1f2d0 JavaThread "Unconstrained build operations Thread 13"        [_thread_blocked, id=22740, stack(0x000000889da00000,0x000000889db00000) (1024K)]
  0x000001e1cdb1c4e0 JavaThread "Unconstrained build operations Thread 14"        [_thread_blocked, id=10504, stack(0x000000889db00000,0x000000889dc00000) (1024K)]
  0x000001e1cdb1d200 JavaThread "Unconstrained build operations Thread 15"        [_thread_blocked, id=21928, stack(0x000000889dc00000,0x000000889dd00000) (1024K)]
  0x000001e1cdb1d890 JavaThread "Unconstrained build operations Thread 16"        [_thread_blocked, id=21216, stack(0x000000889dd00000,0x000000889de00000) (1024K)]
  0x000001e1cdb1ec40 JavaThread "Unconstrained build operations Thread 17"        [_thread_blocked, id=21540, stack(0x000000889de00000,0x000000889df00000) (1024K)]
  0x000001e1cefd8c40 JavaThread "Unconstrained build operations Thread 18"        [_thread_blocked, id=13136, stack(0x000000889df00000,0x000000889e000000) (1024K)]
  0x000001e1cefd92d0 JavaThread "Unconstrained build operations Thread 19"        [_thread_blocked, id=22816, stack(0x000000889e000000,0x000000889e100000) (1024K)]
  0x000001e1cefdba30 JavaThread "Unconstrained build operations Thread 20"        [_thread_blocked, id=23392, stack(0x000000889e100000,0x000000889e200000) (1024K)]
  0x000001e1cefdc0c0 JavaThread "jar transforms Thread 4"           [_thread_blocked, id=23164, stack(0x000000889e500000,0x000000889e600000) (1024K)]
  0x000001e1cefdc750 JavaThread "jar transforms Thread 5"           [_thread_blocked, id=23376, stack(0x000000889ae00000,0x000000889af00000) (1024K)]
  0x000001e1cefdcde0 JavaThread "Unconstrained build operations Thread 21"        [_thread_blocked, id=23196, stack(0x000000889e200000,0x000000889e300000) (1024K)]
  0x000001e1cefd9ff0 JavaThread "Unconstrained build operations Thread 22"        [_thread_blocked, id=22888, stack(0x000000889e300000,0x000000889e400000) (1024K)]
  0x000001e1cefda680 JavaThread "Unconstrained build operations Thread 23"        [_thread_blocked, id=23168, stack(0x000000889e400000,0x000000889e500000) (1024K)]
  0x000001e1cefdd470 JavaThread "Unconstrained build operations Thread 24"        [_thread_blocked, id=20180, stack(0x000000889e600000,0x000000889e700000) (1024K)]
  0x000001e1cefddb00 JavaThread "Unconstrained build operations Thread 25"        [_thread_blocked, id=8100, stack(0x000000889e800000,0x000000889e900000) (1024K)]
  0x000001e1cefde190 JavaThread "Unconstrained build operations Thread 26"        [_thread_blocked, id=20500, stack(0x000000889e900000,0x000000889ea00000) (1024K)]
  0x000001e1cefdad10 JavaThread "Unconstrained build operations Thread 27"        [_thread_blocked, id=6200, stack(0x000000889ea00000,0x000000889eb00000) (1024K)]
  0x000001e1cefde820 JavaThread "Unconstrained build operations Thread 28"        [_thread_blocked, id=23280, stack(0x000000889eb00000,0x000000889ec00000) (1024K)]
  0x000001e1cefdb3a0 JavaThread "Unconstrained build operations Thread 29"        [_thread_blocked, id=22300, stack(0x000000889ec00000,0x000000889ed00000) (1024K)]
  0x000001e1cefdeeb0 JavaThread "Unconstrained build operations Thread 30"        [_thread_blocked, id=21700, stack(0x000000889ed00000,0x000000889ee00000) (1024K)]
  0x000001e1cefdf540 JavaThread "jar transforms Thread 6"           [_thread_blocked, id=13624, stack(0x000000889ee00000,0x000000889ef00000) (1024K)]
  0x000001e1cefdfbd0 JavaThread "jar transforms Thread 7"           [_thread_blocked, id=16336, stack(0x000000889ef00000,0x000000889f000000) (1024K)]
  0x000001e1cefe0260 JavaThread "jar transforms Thread 8"           [_thread_blocked, id=3956, stack(0x000000889f000000,0x000000889f100000) (1024K)]
=>0x000001e1cf9dc600 JavaThread "C2 CompilerThread1"         daemon [_thread_in_native, id=1336, stack(0x000000889e700000,0x000000889e800000) (1024K)]
  0x000001e1d0378b80 JavaThread "C2 CompilerThread2"         daemon [_thread_in_native, id=22636, stack(0x000000889ab00000,0x000000889ac00000) (1024K)]
  0x000001e1d02f4010 JavaThread "C2 CompilerThread3"         daemon [_thread_blocked, id=18040, stack(0x000000889ac00000,0x000000889ad00000) (1024K)]
Total: 73

Other Threads:
  0x000001e1c52f4700 VMThread "VM Thread"                           [id=22556, stack(0x0000008899900000,0x0000008899a00000) (1024K)]
  0x000001e1c52d19e0 WatcherThread "VM Periodic Task Thread"        [id=12980, stack(0x0000008899800000,0x0000008899900000) (1024K)]
  0x000001e1ad0eae60 WorkerThread "GC Thread#0"                     [id=16668, stack(0x0000008899300000,0x0000008899400000) (1024K)]
  0x000001e1c5ab2d30 WorkerThread "GC Thread#1"                     [id=23140, stack(0x000000889a600000,0x000000889a700000) (1024K)]
  0x000001e1c5af8f30 WorkerThread "GC Thread#2"                     [id=8328, stack(0x000000889a700000,0x000000889a800000) (1024K)]
  0x000001e1c5af92d0 WorkerThread "GC Thread#3"                     [id=18824, stack(0x000000889a800000,0x000000889a900000) (1024K)]
  0x000001e1c5af9a80 WorkerThread "GC Thread#4"                     [id=4612, stack(0x000000889a900000,0x000000889aa00000) (1024K)]
  0x000001e1c5adfb80 WorkerThread "GC Thread#5"                     [id=10316, stack(0x000000889aa00000,0x000000889ab00000) (1024K)]
  0x000001e1caab15e0 WorkerThread "GC Thread#6"                     [id=17704, stack(0x000000889b800000,0x000000889b900000) (1024K)]
  0x000001e1caab0b00 WorkerThread "GC Thread#7"                     [id=10268, stack(0x000000889b900000,0x000000889ba00000) (1024K)]
  0x000001e1caab0ea0 WorkerThread "GC Thread#8"                     [id=21272, stack(0x000000889ba00000,0x000000889bb00000) (1024K)]
  0x000001e1caab1240 WorkerThread "GC Thread#9"                     [id=2484, stack(0x000000889bb00000,0x000000889bc00000) (1024K)]
  0x000001e1cb47c880 WorkerThread "GC Thread#10"                    [id=13388, stack(0x000000889bc00000,0x000000889bd00000) (1024K)]
  0x000001e1cb4795c0 WorkerThread "GC Thread#11"                    [id=5344, stack(0x000000889bd00000,0x000000889be00000) (1024K)]
  0x000001e1cb479d00 WorkerThread "GC Thread#12"                    [id=2792, stack(0x000000889be00000,0x000000889bf00000) (1024K)]
  0x000001e1ad0fbd50 ConcurrentGCThread "G1 Main Marker"            [id=1432, stack(0x0000008899400000,0x0000008899500000) (1024K)]
  0x000001e1ad0fd5a0 WorkerThread "G1 Conc#0"                       [id=16884, stack(0x0000008899500000,0x0000008899600000) (1024K)]
  0x000001e1cb47a0a0 WorkerThread "G1 Conc#1"                       [id=4192, stack(0x000000889bf00000,0x000000889c000000) (1024K)]
  0x000001e1cb47bda0 WorkerThread "G1 Conc#2"                       [id=8696, stack(0x000000889c000000,0x000000889c100000) (1024K)]
  0x000001e1c5145c10 ConcurrentGCThread "G1 Refine#0"               [id=14716, stack(0x0000008899600000,0x0000008899700000) (1024K)]
  0x000001e1c5146430 ConcurrentGCThread "G1 Service"                [id=15328, stack(0x0000008899700000,0x0000008899800000) (1024K)]
Total: 21

Threads with active compile tasks:
C2 CompilerThread0  32287 7141       4       java.net.URLClassLoader$1::run (5 bytes)
C2 CompilerThread1  32287 7142   !   4       java.net.URLClassLoader::findClass (47 bytes)
C2 CompilerThread2  32287 7143   !   4       java.net.URLClassLoader$1::run (81 bytes)
Total: 3

VM state: not at safepoint (normal execution)

VM Mutex/Monitor currently owned by a thread: None

Heap address: 0x0000000080000000, size: 2048 MB, Compressed Oops mode: 32-bit

CDS archive(s) not mapped
Compressed class space mapped at: 0x0000000100000000-0x0000000140000000, reserved size: 1073741824
Narrow klass base: 0x0000000000000000, Narrow klass shift: 3, Narrow klass range: 0x140000000

GC Precious Log:
 CardTable entry size: 512
 Card Set container configuration: InlinePtr #cards 5 size 8 Array Of Cards #cards 12 size 40 Howl #buckets 4 coarsen threshold 1843 Howl Bitmap #cards 512 size 80 coarsen threshold 460 Card regions per heap region 1 cards per card region 2048
 CPUs: 16 total, 16 available
 Memory: 16004M
 Large Page Support: Disabled
 NUMA Support: Disabled
 Compressed Oops: Enabled (32-bit)
 Heap Region Size: 1M
 Heap Min Capacity: 8M
 Heap Initial Capacity: 252M
 Heap Max Capacity: 2G
 Pre-touch: Disabled
 Parallel Workers: 13
 Concurrent Workers: 3
 Concurrent Refinement Workers: 13
 Periodic GC: Disabled

Heap:
 garbage-first heap   total 114688K, used 75778K [0x0000000080000000, 0x0000000100000000)
  region size 1024K, 33 young (33792K), 4 survivors (4096K)
 Metaspace       used 70218K, committed 71936K, reserved 1114112K
  class space    used 9904K, committed 10752K, reserved 1048576K

Heap Regions: E=young(eden), S=young(survivor), O=old, HS=humongous(starts), HC=humongous(continues), CS=collection set, F=free, TAMS=top-at-mark-start, PB=parsable bottom
|   0|0x0000000080000000, 0x0000000080100000, 0x0000000080100000|100%|HS|  |TAMS 0x0000000080000000| PB 0x0000000080000000| Complete 
|   1|0x0000000080100000, 0x0000000080200000, 0x0000000080200000|100%|HC|  |TAMS 0x0000000080100000| PB 0x0000000080100000| Complete 
|   2|0x0000000080200000, 0x0000000080300000, 0x0000000080300000|100%|HC|  |TAMS 0x0000000080200000| PB 0x0000000080200000| Complete 
|   3|0x0000000080300000, 0x0000000080400000, 0x0000000080400000|100%| O|  |TAMS 0x0000000080300000| PB 0x0000000080300000| Untracked 
|   4|0x0000000080400000, 0x0000000080500000, 0x0000000080500000|100%| O|  |TAMS 0x0000000080400000| PB 0x0000000080400000| Untracked 
|   5|0x0000000080500000, 0x0000000080600000, 0x0000000080600000|100%| O|  |TAMS 0x0000000080500000| PB 0x0000000080500000| Untracked 
|   6|0x0000000080600000, 0x0000000080700000, 0x0000000080700000|100%|HS|  |TAMS 0x0000000080600000| PB 0x0000000080600000| Complete 
|   7|0x0000000080700000, 0x0000000080800000, 0x0000000080800000|100%| O|  |TAMS 0x0000000080700000| PB 0x0000000080700000| Untracked 
|   8|0x0000000080800000, 0x0000000080900000, 0x0000000080900000|100%| O|  |TAMS 0x0000000080800000| PB 0x0000000080800000| Untracked 
|   9|0x0000000080900000, 0x0000000080a00000, 0x0000000080a00000|100%| O|  |TAMS 0x0000000080900000| PB 0x0000000080900000| Untracked 
|  10|0x0000000080a00000, 0x0000000080b00000, 0x0000000080b00000|100%| O|  |TAMS 0x0000000080a00000| PB 0x0000000080a00000| Untracked 
|  11|0x0000000080b00000, 0x0000000080c00000, 0x0000000080c00000|100%| O|  |TAMS 0x0000000080b00000| PB 0x0000000080b00000| Untracked 
|  12|0x0000000080c00000, 0x0000000080d00000, 0x0000000080d00000|100%| O|  |TAMS 0x0000000080c00000| PB 0x0000000080c00000| Untracked 
|  13|0x0000000080d00000, 0x0000000080e00000, 0x0000000080e00000|100%| O|  |TAMS 0x0000000080d00000| PB 0x0000000080d00000| Untracked 
|  14|0x0000000080e00000, 0x0000000080f00000, 0x0000000080f00000|100%| O|  |TAMS 0x0000000080e00000| PB 0x0000000080e00000| Untracked 
|  15|0x0000000080f00000, 0x0000000081000000, 0x0000000081000000|100%| O|  |TAMS 0x0000000080f00000| PB 0x0000000080f00000| Untracked 
|  16|0x0000000081000000, 0x0000000081100000, 0x0000000081100000|100%| O|Cm|TAMS 0x0000000081000000| PB 0x0000000081000000| Complete 
|  17|0x0000000081100000, 0x0000000081200000, 0x0000000081200000|100%|HS|  |TAMS 0x0000000081100000| PB 0x0000000081100000| Complete 
|  18|0x0000000081200000, 0x0000000081300000, 0x0000000081300000|100%|HC|  |TAMS 0x0000000081200000| PB 0x0000000081200000| Complete 
|  19|0x0000000081300000, 0x0000000081400000, 0x0000000081400000|100%| O|  |TAMS 0x0000000081300000| PB 0x0000000081300000| Untracked 
|  20|0x0000000081400000, 0x0000000081500000, 0x0000000081500000|100%| O|  |TAMS 0x0000000081400000| PB 0x0000000081400000| Untracked 
|  21|0x0000000081500000, 0x0000000081600000, 0x0000000081600000|100%| O|  |TAMS 0x0000000081500000| PB 0x0000000081500000| Untracked 
|  22|0x0000000081600000, 0x0000000081700000, 0x0000000081700000|100%| O|  |TAMS 0x0000000081600000| PB 0x0000000081600000| Untracked 
|  23|0x0000000081700000, 0x0000000081800000, 0x0000000081800000|100%| O|  |TAMS 0x0000000081700000| PB 0x0000000081700000| Untracked 
|  24|0x0000000081800000, 0x0000000081900000, 0x0000000081900000|100%| O|  |TAMS 0x0000000081800000| PB 0x0000000081800000| Untracked 
|  25|0x0000000081900000, 0x0000000081a00000, 0x0000000081a00000|100%| O|  |TAMS 0x0000000081900000| PB 0x0000000081900000| Untracked 
|  26|0x0000000081a00000, 0x0000000081b00000, 0x0000000081b00000|100%| O|  |TAMS 0x0000000081a00000| PB 0x0000000081a00000| Untracked 
|  27|0x0000000081b00000, 0x0000000081c00000, 0x0000000081c00000|100%| O|  |TAMS 0x0000000081b00000| PB 0x0000000081b00000| Untracked 
|  28|0x0000000081c00000, 0x0000000081d00000, 0x0000000081d00000|100%| O|  |TAMS 0x0000000081c00000| PB 0x0000000081c00000| Untracked 
|  29|0x0000000081d00000, 0x0000000081d56980, 0x0000000081e00000| 33%| O|  |TAMS 0x0000000081d00000| PB 0x0000000081d00000| Untracked 
|  30|0x0000000081e00000, 0x0000000081e00000, 0x0000000081f00000|  0%| F|  |TAMS 0x0000000081e00000| PB 0x0000000081e00000| Untracked 
|  31|0x0000000081f00000, 0x0000000082000000, 0x0000000082000000|100%| O|  |TAMS 0x0000000081f00000| PB 0x0000000081f00000| Untracked 
|  32|0x0000000082000000, 0x0000000082100000, 0x0000000082100000|100%| O|  |TAMS 0x0000000082000000| PB 0x0000000082000000| Untracked 
|  33|0x0000000082100000, 0x0000000082200000, 0x0000000082200000|100%| O|  |TAMS 0x0000000082100000| PB 0x0000000082100000| Untracked 
|  34|0x0000000082200000, 0x0000000082300000, 0x0000000082300000|100%| O|  |TAMS 0x0000000082200000| PB 0x0000000082200000| Untracked 
|  35|0x0000000082300000, 0x0000000082400000, 0x0000000082400000|100%| O|  |TAMS 0x0000000082300000| PB 0x0000000082300000| Untracked 
|  36|0x0000000082400000, 0x0000000082500000, 0x0000000082500000|100%| O|  |TAMS 0x0000000082400000| PB 0x0000000082400000| Untracked 
|  37|0x0000000082500000, 0x0000000082500000, 0x0000000082600000|  0%| F|  |TAMS 0x0000000082500000| PB 0x0000000082500000| Untracked 
|  38|0x0000000082600000, 0x0000000082600000, 0x0000000082700000|  0%| F|  |TAMS 0x0000000082600000| PB 0x0000000082600000| Untracked 
|  39|0x0000000082700000, 0x0000000082700000, 0x0000000082800000|  0%| F|  |TAMS 0x0000000082700000| PB 0x0000000082700000| Untracked 
|  40|0x0000000082800000, 0x0000000082800000, 0x0000000082900000|  0%| F|  |TAMS 0x0000000082800000| PB 0x0000000082800000| Untracked 
|  41|0x0000000082900000, 0x0000000082900000, 0x0000000082a00000|  0%| F|  |TAMS 0x0000000082900000| PB 0x0000000082900000| Untracked 
|  42|0x0000000082a00000, 0x0000000082a00000, 0x0000000082b00000|  0%| F|  |TAMS 0x0000000082a00000| PB 0x0000000082a00000| Untracked 
|  43|0x0000000082b00000, 0x0000000082b00000, 0x0000000082c00000|  0%| F|  |TAMS 0x0000000082b00000| PB 0x0000000082b00000| Untracked 
|  44|0x0000000082c00000, 0x0000000082caa0f8, 0x0000000082d00000| 66%| S|CS|TAMS 0x0000000082c00000| PB 0x0000000082c00000| Complete 
|  45|0x0000000082d00000, 0x0000000082e00000, 0x0000000082e00000|100%| S|CS|TAMS 0x0000000082d00000| PB 0x0000000082d00000| Complete 
|  46|0x0000000082e00000, 0x0000000082f00000, 0x0000000082f00000|100%| S|CS|TAMS 0x0000000082e00000| PB 0x0000000082e00000| Complete 
|  47|0x0000000082f00000, 0x0000000083000000, 0x0000000083000000|100%| S|CS|TAMS 0x0000000082f00000| PB 0x0000000082f00000| Complete 
|  48|0x0000000083000000, 0x0000000083000000, 0x0000000083100000|  0%| F|  |TAMS 0x0000000083000000| PB 0x0000000083000000| Untracked 
|  49|0x0000000083100000, 0x0000000083100000, 0x0000000083200000|  0%| F|  |TAMS 0x0000000083100000| PB 0x0000000083100000| Untracked 
|  50|0x0000000083200000, 0x0000000083200000, 0x0000000083300000|  0%| F|  |TAMS 0x0000000083200000| PB 0x0000000083200000| Untracked 
|  51|0x0000000083300000, 0x0000000083300000, 0x0000000083400000|  0%| F|  |TAMS 0x0000000083300000| PB 0x0000000083300000| Untracked 
|  52|0x0000000083400000, 0x0000000083400000, 0x0000000083500000|  0%| F|  |TAMS 0x0000000083400000| PB 0x0000000083400000| Untracked 
|  53|0x0000000083500000, 0x0000000083500000, 0x0000000083600000|  0%| F|  |TAMS 0x0000000083500000| PB 0x0000000083500000| Untracked 
|  54|0x0000000083600000, 0x0000000083600000, 0x0000000083700000|  0%| F|  |TAMS 0x0000000083600000| PB 0x0000000083600000| Untracked 
|  55|0x0000000083700000, 0x0000000083700000, 0x0000000083800000|  0%| F|  |TAMS 0x0000000083700000| PB 0x0000000083700000| Untracked 
|  56|0x0000000083800000, 0x0000000083800000, 0x0000000083900000|  0%| F|  |TAMS 0x0000000083800000| PB 0x0000000083800000| Untracked 
|  57|0x0000000083900000, 0x0000000083900000, 0x0000000083a00000|  0%| F|  |TAMS 0x0000000083900000| PB 0x0000000083900000| Untracked 
|  58|0x0000000083a00000, 0x0000000083a00000, 0x0000000083b00000|  0%| F|  |TAMS 0x0000000083a00000| PB 0x0000000083a00000| Untracked 
|  59|0x0000000083b00000, 0x0000000083b00000, 0x0000000083c00000|  0%| F|  |TAMS 0x0000000083b00000| PB 0x0000000083b00000| Untracked 
|  60|0x0000000083c00000, 0x0000000083c00000, 0x0000000083d00000|  0%| F|  |TAMS 0x0000000083c00000| PB 0x0000000083c00000| Untracked 
|  61|0x0000000083d00000, 0x0000000083d00000, 0x0000000083e00000|  0%| F|  |TAMS 0x0000000083d00000| PB 0x0000000083d00000| Untracked 
|  62|0x0000000083e00000, 0x0000000083e00000, 0x0000000083f00000|  0%| F|  |TAMS 0x0000000083e00000| PB 0x0000000083e00000| Untracked 
|  63|0x0000000083f00000, 0x0000000083f00000, 0x0000000084000000|  0%| F|  |TAMS 0x0000000083f00000| PB 0x0000000083f00000| Untracked 
|  64|0x0000000084000000, 0x0000000084000000, 0x0000000084100000|  0%| F|  |TAMS 0x0000000084000000| PB 0x0000000084000000| Untracked 
|  65|0x0000000084100000, 0x0000000084100000, 0x0000000084200000|  0%| F|  |TAMS 0x0000000084100000| PB 0x0000000084100000| Untracked 
|  66|0x0000000084200000, 0x0000000084200000, 0x0000000084300000|  0%| F|  |TAMS 0x0000000084200000| PB 0x0000000084200000| Untracked 
|  67|0x0000000084300000, 0x0000000084300000, 0x0000000084400000|  0%| F|  |TAMS 0x0000000084300000| PB 0x0000000084300000| Untracked 
|  68|0x0000000084400000, 0x0000000084400000, 0x0000000084500000|  0%| F|  |TAMS 0x0000000084400000| PB 0x0000000084400000| Untracked 
|  69|0x0000000084500000, 0x0000000084500000, 0x0000000084600000|  0%| F|  |TAMS 0x0000000084500000| PB 0x0000000084500000| Untracked 
|  70|0x0000000084600000, 0x0000000084600000, 0x0000000084700000|  0%| F|  |TAMS 0x0000000084600000| PB 0x0000000084600000| Untracked 
|  71|0x0000000084700000, 0x0000000084700000, 0x0000000084800000|  0%| F|  |TAMS 0x0000000084700000| PB 0x0000000084700000| Untracked 
|  72|0x0000000084800000, 0x0000000084800000, 0x0000000084900000|  0%| F|  |TAMS 0x0000000084800000| PB 0x0000000084800000| Untracked 
|  73|0x0000000084900000, 0x0000000084900000, 0x0000000084a00000|  0%| F|  |TAMS 0x0000000084900000| PB 0x0000000084900000| Untracked 
|  74|0x0000000084a00000, 0x0000000084a00000, 0x0000000084b00000|  0%| F|  |TAMS 0x0000000084a00000| PB 0x0000000084a00000| Untracked 
|  75|0x0000000084b00000, 0x0000000084b00000, 0x0000000084c00000|  0%| F|  |TAMS 0x0000000084b00000| PB 0x0000000084b00000| Untracked 
|  76|0x0000000084c00000, 0x0000000084cb02b0, 0x0000000084d00000| 68%| E|  |TAMS 0x0000000084c00000| PB 0x0000000084c00000| Complete 
|  77|0x0000000084d00000, 0x0000000084e00000, 0x0000000084e00000|100%| E|CS|TAMS 0x0000000084d00000| PB 0x0000000084d00000| Complete 
|  78|0x0000000084e00000, 0x0000000084f00000, 0x0000000084f00000|100%| E|CS|TAMS 0x0000000084e00000| PB 0x0000000084e00000| Complete 
|  79|0x0000000084f00000, 0x0000000085000000, 0x0000000085000000|100%| E|CS|TAMS 0x0000000084f00000| PB 0x0000000084f00000| Complete 
|  80|0x0000000085000000, 0x0000000085100000, 0x0000000085100000|100%| E|CS|TAMS 0x0000000085000000| PB 0x0000000085000000| Complete 
|  81|0x0000000085100000, 0x0000000085200000, 0x0000000085200000|100%| E|CS|TAMS 0x0000000085100000| PB 0x0000000085100000| Complete 
|  82|0x0000000085200000, 0x0000000085300000, 0x0000000085300000|100%| E|CS|TAMS 0x0000000085200000| PB 0x0000000085200000| Complete 
|  83|0x0000000085300000, 0x0000000085400000, 0x0000000085400000|100%| E|CS|TAMS 0x0000000085300000| PB 0x0000000085300000| Complete 
|  84|0x0000000085400000, 0x0000000085500000, 0x0000000085500000|100%| E|CS|TAMS 0x0000000085400000| PB 0x0000000085400000| Complete 
|  85|0x0000000085500000, 0x0000000085600000, 0x0000000085600000|100%| E|CS|TAMS 0x0000000085500000| PB 0x0000000085500000| Complete 
|  86|0x0000000085600000, 0x0000000085700000, 0x0000000085700000|100%| E|CS|TAMS 0x0000000085600000| PB 0x0000000085600000| Complete 
|  87|0x0000000085700000, 0x0000000085800000, 0x0000000085800000|100%| E|CS|TAMS 0x0000000085700000| PB 0x0000000085700000| Complete 
|  88|0x0000000085800000, 0x0000000085900000, 0x0000000085900000|100%| E|CS|TAMS 0x0000000085800000| PB 0x0000000085800000| Complete 
|  89|0x0000000085900000, 0x0000000085a00000, 0x0000000085a00000|100%| E|CS|TAMS 0x0000000085900000| PB 0x0000000085900000| Complete 
|  98|0x0000000086200000, 0x0000000086300000, 0x0000000086300000|100%| E|CS|TAMS 0x0000000086200000| PB 0x0000000086200000| Complete 
|  99|0x0000000086300000, 0x0000000086400000, 0x0000000086400000|100%| E|CS|TAMS 0x0000000086300000| PB 0x0000000086300000| Complete 
| 100|0x0000000086400000, 0x0000000086500000, 0x0000000086500000|100%| E|CS|TAMS 0x0000000086400000| PB 0x0000000086400000| Complete 
| 101|0x0000000086500000, 0x0000000086600000, 0x0000000086600000|100%| E|CS|TAMS 0x0000000086500000| PB 0x0000000086500000| Complete 
| 102|0x0000000086600000, 0x0000000086700000, 0x0000000086700000|100%| E|CS|TAMS 0x0000000086600000| PB 0x0000000086600000| Complete 
| 103|0x0000000086700000, 0x0000000086800000, 0x0000000086800000|100%| E|CS|TAMS 0x0000000086700000| PB 0x0000000086700000| Complete 
| 104|0x0000000086800000, 0x0000000086900000, 0x0000000086900000|100%| E|CS|TAMS 0x0000000086800000| PB 0x0000000086800000| Complete 
| 105|0x0000000086900000, 0x0000000086a00000, 0x0000000086a00000|100%| E|CS|TAMS 0x0000000086900000| PB 0x0000000086900000| Complete 
| 106|0x0000000086a00000, 0x0000000086b00000, 0x0000000086b00000|100%| E|CS|TAMS 0x0000000086a00000| PB 0x0000000086a00000| Complete 
| 107|0x0000000086b00000, 0x0000000086c00000, 0x0000000086c00000|100%| E|CS|TAMS 0x0000000086b00000| PB 0x0000000086b00000| Complete 
| 108|0x0000000086c00000, 0x0000000086d00000, 0x0000000086d00000|100%| E|CS|TAMS 0x0000000086c00000| PB 0x0000000086c00000| Complete 
| 109|0x0000000086d00000, 0x0000000086e00000, 0x0000000086e00000|100%| E|CS|TAMS 0x0000000086d00000| PB 0x0000000086d00000| Complete 
| 110|0x0000000086e00000, 0x0000000086f00000, 0x0000000086f00000|100%| E|CS|TAMS 0x0000000086e00000| PB 0x0000000086e00000| Complete 
| 111|0x0000000086f00000, 0x0000000087000000, 0x0000000087000000|100%| E|CS|TAMS 0x0000000086f00000| PB 0x0000000086f00000| Complete 
| 251|0x000000008fb00000, 0x000000008fc00000, 0x000000008fc00000|100%| E|CS|TAMS 0x000000008fb00000| PB 0x000000008fb00000| Complete 
|2041|0x00000000ff900000, 0x00000000ffa00000, 0x00000000ffa00000|100%| O|  |TAMS 0x00000000ff900000| PB 0x00000000ff900000| Untracked 
|2042|0x00000000ffa00000, 0x00000000ffb00000, 0x00000000ffb00000|100%| O|  |TAMS 0x00000000ffa00000| PB 0x00000000ffa00000| Untracked 
|2043|0x00000000ffb00000, 0x00000000ffc00000, 0x00000000ffc00000|100%| O|  |TAMS 0x00000000ffb00000| PB 0x00000000ffb00000| Untracked 
|2044|0x00000000ffc00000, 0x00000000ffd00000, 0x00000000ffd00000|100%| O|  |TAMS 0x00000000ffc00000| PB 0x00000000ffc00000| Untracked 
|2045|0x00000000ffd00000, 0x00000000ffe00000, 0x00000000ffe00000|100%| O|  |TAMS 0x00000000ffd00000| PB 0x00000000ffd00000| Untracked 
|2046|0x00000000ffe00000, 0x00000000fff00000, 0x00000000fff00000|100%| O|  |TAMS 0x00000000ffe00000| PB 0x00000000ffe00000| Untracked 
|2047|0x00000000fff00000, 0x0000000100000000, 0x0000000100000000|100%| O|  |TAMS 0x00000000fff00000| PB 0x00000000fff00000| Untracked 

Card table byte_map: [0x000001e1bfe70000,0x000001e1c0270000] _byte_map_base: 0x000001e1bfa70000

Marking Bits: (CMBitMap*) 0x000001e1ad0eb470
 Bits: [0x000001e1c0270000, 0x000001e1c2270000)

Polling page: 0x000001e1aae90000

Metaspace:

Usage:
  Non-class:     58.91 MB used.
      Class:      9.68 MB used.
       Both:     68.59 MB used.

Virtual space:
  Non-class space:       64.00 MB reserved,      59.75 MB ( 93%) committed,  1 nodes.
      Class space:        1.00 GB reserved,      10.50 MB (  1%) committed,  1 nodes.
             Both:        1.06 GB reserved,      70.25 MB (  6%) committed. 

Chunk freelists:
   Non-Class:  3.38 MB
       Class:  5.48 MB
        Both:  8.86 MB

MaxMetaspaceSize: unlimited
CompressedClassSpaceSize: 1.00 GB
Initial GC threshold: 21.00 MB
Current GC threshold: 98.38 MB
CDS: off
 - commit_granule_bytes: 65536.
 - commit_granule_words: 8192.
 - virtual_space_node_default_size: 8388608.
 - enlarge_chunks_in_place: 1.
 - use_allocation_guard: 0.


Internal statistics:

num_allocs_failed_limit: 9.
num_arena_births: 3242.
num_arena_deaths: 0.
num_vsnodes_births: 2.
num_vsnodes_deaths: 0.
num_space_committed: 1124.
num_space_uncommitted: 0.
num_chunks_returned_to_freelist: 9.
num_chunks_taken_from_freelist: 6177.
num_chunk_merges: 9.
num_chunk_splits: 3985.
num_chunks_enlarged: 2408.
num_inconsistent_stats: 0.

CodeHeap 'non-profiled nmethods': size=119168Kb used=4090Kb max_used=4090Kb free=115078Kb
 bounds [0x000001e1b7d90000, 0x000001e1b8190000, 0x000001e1bf1f0000]
CodeHeap 'profiled nmethods': size=119104Kb used=12588Kb max_used=12588Kb free=106515Kb
 bounds [0x000001e1b01f0000, 0x000001e1b0e40000, 0x000001e1b7640000]
CodeHeap 'non-nmethods': size=7488Kb used=2598Kb max_used=4310Kb free=4889Kb
 bounds [0x000001e1b7640000, 0x000001e1b7a80000, 0x000001e1b7d90000]
CodeCache: size=245760Kb, used=19276Kb, max_used=20988Kb, free=226482Kb
 total_blobs=7387, nmethods=6499, adapters=792, full_count=0
Compilation: enabled, stopped_count=0, restarted_count=0

Compilation events (20 events):
Event: 28.157 Thread 0x000001e1cad9f340 7178       3       org.objectweb.asm.ClassReader::readUTF8 (23 bytes)
Event: 28.157 Thread 0x000001e1caa3ace0 7179       3       org.objectweb.asm.ClassReader::readUtf (44 bytes)
Event: 28.157 Thread 0x000001e1c53eefc0 nmethod 7176 0x000001e1b0e2f210 code [0x000001e1b0e2f480, 0x000001e1b0e2fde8]
Event: 28.157 Thread 0x000001e1c53eefc0 7180       3       org.objectweb.asm.ByteVector::putShort (52 bytes)
Event: 28.157 Thread 0x000001e1cab78750 nmethod 7177 0x000001e1b0e30090 code [0x000001e1b0e30280, 0x000001e1b0e306c8]
Event: 28.157 Thread 0x000001e1c53eefc0 nmethod 7180 0x000001e1b0e30990 code [0x000001e1b0e30b40, 0x000001e1b0e30d40]
Event: 28.157 Thread 0x000001e1cad9f340 nmethod 7178 0x000001e1b0e30e90 code [0x000001e1b0e31060, 0x000001e1b0e312a8]
Event: 28.158 Thread 0x000001e1caa3ace0 nmethod 7179 0x000001e1b0e31390 code [0x000001e1b0e31580, 0x000001e1b0e31968]
Event: 28.158 Thread 0x000001e1c53eefc0 7182       3       org.objectweb.asm.ClassReader::readInt (52 bytes)
Event: 28.158 Thread 0x000001e1cad9f340 7183       3       org.objectweb.asm.ClassReader::readBytecodeInstructionOffset (1 bytes)
Event: 28.158 Thread 0x000001e1c53eefc0 nmethod 7182 0x000001e1b0e31b10 code [0x000001e1b0e31cc0, 0x000001e1b0e31e98]
Event: 28.158 Thread 0x000001e1cad9f340 nmethod 7183 0x000001e1b0e32010 code [0x000001e1b0e321a0, 0x000001e1b0e322a8]
Event: 28.158 Thread 0x000001e1cad9f340 7184       3       org.objectweb.asm.ClassReader::readClass (7 bytes)
Event: 28.158 Thread 0x000001e1caa3ace0 7185       3       org.objectweb.asm.ClassReader::readStringish (16 bytes)
Event: 28.158 Thread 0x000001e1c53eefc0 7186       3       org.objectweb.asm.ClassReader::createDebugLabel (23 bytes)
Event: 28.158 Thread 0x000001e1cad9f340 nmethod 7184 0x000001e1b0e32310 code [0x000001e1b0e32500, 0x000001e1b0e32880]
Event: 28.158 Thread 0x000001e1caa3ace0 nmethod 7185 0x000001e1b0e32a10 code [0x000001e1b0e32c00, 0x000001e1b0e32f08]
Event: 28.158 Thread 0x000001e1c53eefc0 nmethod 7186 0x000001e1b0e33090 code [0x000001e1b0e33260, 0x000001e1b0e33700]
Event: 28.972 Thread 0x000001e1caa3ace0 7187       3       java.util.Spliterators::emptySpliterator (4 bytes)
Event: 28.972 Thread 0x000001e1caa3ace0 nmethod 7187 0x000001e1b0e33910 code [0x000001e1b0e33aa0, 0x000001e1b0e33b98]

GC Heap History (20 events):
Event: 21.578 GC heap before
{Heap before GC invocations=2 (full 0):
 garbage-first heap   total 258048K, used 149528K [0x0000000080000000, 0x0000000100000000)
  region size 1024K, 140 young (143360K), 5 survivors (5120K)
 Metaspace       used 21212K, committed 21504K, reserved 1114112K
  class space    used 2493K, committed 2624K, reserved 1048576K
}
Event: 21.588 GC heap after
{Heap after GC invocations=3 (full 0):
 garbage-first heap   total 258048K, used 19811K [0x0000000080000000, 0x0000000100000000)
  region size 1024K, 14 young (14336K), 14 survivors (14336K)
 Metaspace       used 21212K, committed 21504K, reserved 1114112K
  class space    used 2493K, committed 2624K, reserved 1048576K
}
Event: 22.631 GC heap before
{Heap before GC invocations=4 (full 0):
 garbage-first heap   total 71680K, used 68963K [0x0000000080000000, 0x0000000100000000)
  region size 1024K, 63 young (64512K), 14 survivors (14336K)
 Metaspace       used 29132K, committed 29568K, reserved 1114112K
  class space    used 3783K, committed 3968K, reserved 1048576K
}
Event: 22.638 GC heap after
{Heap after GC invocations=5 (full 0):
 garbage-first heap   total 90112K, used 22970K [0x0000000080000000, 0x0000000100000000)
  region size 1024K, 12 young (12288K), 12 survivors (12288K)
 Metaspace       used 29132K, committed 29568K, reserved 1114112K
  class space    used 3783K, committed 3968K, reserved 1048576K
}
Event: 23.283 GC heap before
{Heap before GC invocations=5 (full 0):
 garbage-first heap   total 90112K, used 63930K [0x0000000080000000, 0x0000000100000000)
  region size 1024K, 52 young (53248K), 12 survivors (12288K)
 Metaspace       used 34442K, committed 35264K, reserved 1114112K
  class space    used 4727K, committed 5120K, reserved 1048576K
}
Event: 23.292 GC heap after
{Heap after GC invocations=6 (full 0):
 garbage-first heap   total 90112K, used 25427K [0x0000000080000000, 0x0000000100000000)
  region size 1024K, 6 young (6144K), 6 survivors (6144K)
 Metaspace       used 34442K, committed 35264K, reserved 1114112K
  class space    used 4727K, committed 5120K, reserved 1048576K
}
Event: 23.385 GC heap before
{Heap before GC invocations=6 (full 0):
 garbage-first heap   total 90112K, used 29523K [0x0000000080000000, 0x0000000100000000)
  region size 1024K, 11 young (11264K), 6 survivors (6144K)
 Metaspace       used 35185K, committed 35968K, reserved 1114112K
  class space    used 4853K, committed 5248K, reserved 1048576K
}
Event: 23.390 GC heap after
{Heap after GC invocations=7 (full 0):
 garbage-first heap   total 90112K, used 25853K [0x0000000080000000, 0x0000000100000000)
  region size 1024K, 4 young (4096K), 4 survivors (4096K)
 Metaspace       used 35185K, committed 35968K, reserved 1114112K
  class space    used 4853K, committed 5248K, reserved 1048576K
}
Event: 24.255 GC heap before
{Heap before GC invocations=8 (full 0):
 garbage-first heap   total 90112K, used 72957K [0x0000000080000000, 0x0000000100000000)
  region size 1024K, 51 young (52224K), 4 survivors (4096K)
 Metaspace       used 44317K, committed 45184K, reserved 1114112K
  class space    used 6028K, committed 6400K, reserved 1048576K
}
Event: 24.259 GC heap after
{Heap after GC invocations=9 (full 0):
 garbage-first heap   total 90112K, used 30376K [0x0000000080000000, 0x0000000100000000)
  region size 1024K, 7 young (7168K), 7 survivors (7168K)
 Metaspace       used 44317K, committed 45184K, reserved 1114112K
  class space    used 6028K, committed 6400K, reserved 1048576K
}
Event: 24.755 GC heap before
{Heap before GC invocations=9 (full 0):
 garbage-first heap   total 90112K, used 79528K [0x0000000080000000, 0x0000000100000000)
  region size 1024K, 51 young (52224K), 7 survivors (7168K)
 Metaspace       used 48107K, committed 49152K, reserved 1114112K
  class space    used 6494K, committed 6976K, reserved 1048576K
}
Event: 24.760 GC heap after
{Heap after GC invocations=10 (full 0):
 garbage-first heap   total 93184K, used 34005K [0x0000000080000000, 0x0000000100000000)
  region size 1024K, 5 young (5120K), 5 survivors (5120K)
 Metaspace       used 48107K, committed 49152K, reserved 1114112K
  class space    used 6494K, committed 6976K, reserved 1048576K
}
Event: 25.335 GC heap before
{Heap before GC invocations=10 (full 0):
 garbage-first heap   total 93184K, used 79061K [0x0000000080000000, 0x0000000100000000)
  region size 1024K, 49 young (50176K), 5 survivors (5120K)
 Metaspace       used 53643K, committed 55040K, reserved 1114112K
  class space    used 7439K, committed 8128K, reserved 1048576K
}
Event: 25.339 GC heap after
{Heap after GC invocations=11 (full 0):
 garbage-first heap   total 112640K, used 36291K [0x0000000080000000, 0x0000000100000000)
  region size 1024K, 7 young (7168K), 7 survivors (7168K)
 Metaspace       used 53643K, committed 55040K, reserved 1114112K
  class space    used 7439K, committed 8128K, reserved 1048576K
}
Event: 26.677 GC heap before
{Heap before GC invocations=11 (full 0):
 garbage-first heap   total 112640K, used 99779K [0x0000000080000000, 0x0000000100000000)
  region size 1024K, 66 young (67584K), 7 survivors (7168K)
 Metaspace       used 58442K, committed 59968K, reserved 1114112K
  class space    used 8047K, committed 8768K, reserved 1048576K
}
Event: 26.685 GC heap after
{Heap after GC invocations=12 (full 0):
 garbage-first heap   total 114688K, used 43653K [0x0000000080000000, 0x0000000100000000)
  region size 1024K, 9 young (9216K), 9 survivors (9216K)
 Metaspace       used 58442K, committed 59968K, reserved 1114112K
  class space    used 8047K, committed 8768K, reserved 1048576K
}
Event: 26.864 GC heap before
{Heap before GC invocations=12 (full 0):
 garbage-first heap   total 114688K, used 60037K [0x0000000080000000, 0x0000000100000000)
  region size 1024K, 26 young (26624K), 9 survivors (9216K)
 Metaspace       used 58859K, committed 60288K, reserved 1114112K
  class space    used 8104K, committed 8768K, reserved 1048576K
}
Event: 26.868 GC heap after
{Heap after GC invocations=13 (full 0):
 garbage-first heap   total 114688K, used 44312K [0x0000000080000000, 0x0000000100000000)
  region size 1024K, 1 young (1024K), 1 survivors (1024K)
 Metaspace       used 58859K, committed 60288K, reserved 1114112K
  class space    used 8104K, committed 8768K, reserved 1048576K
}
Event: 27.771 GC heap before
{Heap before GC invocations=14 (full 0):
 garbage-first heap   total 114688K, used 101656K [0x0000000080000000, 0x0000000100000000)
  region size 1024K, 57 young (58368K), 1 survivors (1024K)
 Metaspace       used 66561K, committed 68224K, reserved 1114112K
  class space    used 9285K, committed 10112K, reserved 1048576K
}
Event: 27.776 GC heap after
{Heap after GC invocations=15 (full 0):
 garbage-first heap   total 114688K, used 47106K [0x0000000080000000, 0x0000000100000000)
  region size 1024K, 4 young (4096K), 4 survivors (4096K)
 Metaspace       used 66561K, committed 68224K, reserved 1114112K
  class space    used 9285K, committed 10112K, reserved 1048576K
}

Dll operation events (3 events):
Event: 0.020 Loaded shared library C:\Program Files\Android\Android Studio\jbr\bin\java.dll
Event: 1.033 Loaded shared library C:\Program Files\Android\Android Studio\jbr\bin\zip.dll
Event: 11.216 Loaded shared library C:\Program Files\Android\Android Studio\jbr\bin\verify.dll

Deoptimization events (20 events):
Event: 28.002 Thread 0x000001e1cb5e21d0 Uncommon trap: trap_request=0xffffffde fr.pc=0x000001e1b7ff6cb8 relative=0x00000000000052f8
Event: 28.002 Thread 0x000001e1cb5e21d0 Uncommon trap: reason=class_check action=maybe_recompile pc=0x000001e1b7ff6cb8 method=java.net.URLClassLoader.defineClass(Ljava/lang/String;Ljdk/internal/loader/Resource;)Ljava/lang/Class; @ 34 c2
Event: 28.002 Thread 0x000001e1cb5e21d0 DEOPT PACKING pc=0x000001e1b7ff6cb8 sp=0x000000889b4f83a0
Event: 28.002 Thread 0x000001e1cb5e21d0 DEOPT UNPACKING pc=0x000001e1b76943a2 sp=0x000000889b4f8328 mode 2
Event: 28.111 Thread 0x000001e1cb5e21d0 Uncommon trap: trap_request=0xffffff45 fr.pc=0x000001e1b8056294 relative=0x00000000000003d4
Event: 28.111 Thread 0x000001e1cb5e21d0 Uncommon trap: reason=unstable_if action=reinterpret pc=0x000001e1b8056294 method=org.gradle.internal.reflect.PropertyAccessorType.isGetGetterName(Ljava/lang/String;)Z @ 14 c2
Event: 28.111 Thread 0x000001e1cb5e21d0 DEOPT PACKING pc=0x000001e1b8056294 sp=0x000000889b4f8e80
Event: 28.111 Thread 0x000001e1cb5e21d0 DEOPT UNPACKING pc=0x000001e1b76943a2 sp=0x000000889b4f8dd8 mode 2
Event: 28.156 Thread 0x000001e1cb5e21d0 Uncommon trap: trap_request=0xffffff76 fr.pc=0x000001e1b81471fc relative=0x00000000000001dc
Event: 28.156 Thread 0x000001e1cb5e21d0 Uncommon trap: reason=predicate action=maybe_recompile pc=0x000001e1b81471fc method=java.util.LinkedHashMap.keysToArray([Ljava/lang/Object;Z)[Ljava/lang/Object; @ 53 c2
Event: 28.156 Thread 0x000001e1cb5e21d0 DEOPT PACKING pc=0x000001e1b81471fc sp=0x000000889b4f8ba0
Event: 28.156 Thread 0x000001e1cb5e21d0 DEOPT UNPACKING pc=0x000001e1b76943a2 sp=0x000000889b4f8b50 mode 2
Event: 28.156 Thread 0x000001e1cb5e21d0 Uncommon trap: trap_request=0xffffff45 fr.pc=0x000001e1b7e91428 relative=0x0000000000000108
Event: 28.156 Thread 0x000001e1cb5e21d0 Uncommon trap: reason=unstable_if action=reinterpret pc=0x000001e1b7e91428 method=org.objectweb.asm.ByteVector.putShort(I)Lorg/objectweb/asm/ByteVector; @ 13 c2
Event: 28.156 Thread 0x000001e1cb5e21d0 DEOPT PACKING pc=0x000001e1b7e91428 sp=0x000000889b4f8c10
Event: 28.156 Thread 0x000001e1cb5e21d0 DEOPT UNPACKING pc=0x000001e1b76943a2 sp=0x000000889b4f8ba8 mode 2
Event: 28.156 Thread 0x000001e1cb5e21d0 Uncommon trap: trap_request=0xffffff45 fr.pc=0x000001e1b80c6c8c relative=0x000000000000040c
Event: 28.156 Thread 0x000001e1cb5e21d0 Uncommon trap: reason=unstable_if action=reinterpret pc=0x000001e1b80c6c8c method=org.objectweb.asm.MethodWriter.visitVarInsn(II)V @ 108 c2
Event: 28.156 Thread 0x000001e1cb5e21d0 DEOPT PACKING pc=0x000001e1b80c6c8c sp=0x000000889b4f8a40
Event: 28.156 Thread 0x000001e1cb5e21d0 DEOPT UNPACKING pc=0x000001e1b76943a2 sp=0x000000889b4f89f8 mode 2

Classes loaded (20 events):
Event: 27.945 Loading class java/io/ObjectStreamClass$1
Event: 27.945 Loading class java/io/ObjectStreamClass$1 done
Event: 27.945 Loading class java/io/ObjectStreamClass$MemberSignature
Event: 27.945 Loading class java/io/ObjectStreamClass$MemberSignature done
Event: 27.945 Loading class java/io/ObjectStreamClass$3
Event: 27.945 Loading class java/io/ObjectStreamClass$3 done
Event: 27.945 Loading class java/io/ObjectStreamClass$4
Event: 27.945 Loading class java/io/ObjectStreamClass$4 done
Event: 27.945 Loading class java/io/ObjectStreamClass$5
Event: 27.945 Loading class java/io/ObjectStreamClass$5 done
Event: 27.946 Loading class java/io/ObjectStreamClass$ClassDataSlot
Event: 27.946 Loading class java/io/ObjectStreamClass$ClassDataSlot done
Event: 27.949 Loading class java/io/SerialCallbackContext
Event: 27.949 Loading class java/io/SerialCallbackContext done
Event: 27.986 Loading class java/lang/invoke/SerializedLambda$1
Event: 27.986 Loading class java/lang/invoke/SerializedLambda$1 done
Event: 28.062 Loading class java/util/DualPivotQuicksort
Event: 28.062 Loading class java/util/DualPivotQuicksort done
Event: 28.107 Loading class java/util/function/LongUnaryOperator
Event: 28.107 Loading class java/util/function/LongUnaryOperator done

Classes unloaded (0 events):
No events

Classes redefined (0 events):
No events

Internal exceptions (20 events):
Event: 27.919 Thread 0x000001e1cb5e21d0 Exception <a 'java/lang/NoSuchMethodError'{0x0000000086670338}: 'void java.lang.invoke.DelegatingMethodHandle$Holder.reinvoke_L(java.lang.Object, java.lang.Object, int)'> (0x0000000086670338) 
thrown [s\src\hotspot\share\interpreter\linkResolver.cpp, line 784]
Event: 27.919 Thread 0x000001e1cb5e21d0 Exception <a 'java/lang/NoSuchMethodError'{0x00000000866776a0}: 'int java.lang.invoke.Invokers$Holder.invokeExact_MT(java.lang.Object, java.lang.Object, java.lang.Object)'> (0x00000000866776a0) 
thrown [s\src\hotspot\share\interpreter\linkResolver.cpp, line 784]
Event: 27.921 Thread 0x000001e1cb5e21d0 Exception <a 'java/lang/NoSuchMethodError'{0x0000000086697ea8}: 'void java.lang.invoke.DelegatingMethodHandle$Holder.reinvoke_L(java.lang.Object, java.lang.Object, long)'> (0x0000000086697ea8) 
thrown [s\src\hotspot\share\interpreter\linkResolver.cpp, line 784]
Event: 27.921 Thread 0x000001e1cb5e21d0 Exception <a 'java/lang/NoSuchMethodError'{0x000000008669f428}: 'long java.lang.invoke.Invokers$Holder.invokeExact_MT(java.lang.Object, java.lang.Object, java.lang.Object)'> (0x000000008669f428) 
thrown [s\src\hotspot\share\interpreter\linkResolver.cpp, line 784]
Event: 27.945 Thread 0x000001e1cb62e220 Exception <a 'java/lang/NoSuchMethodError'{0x0000000086425aa8}: static Lorg/gradle/internal/build/event/types/DefaultOperationStartedProgressEvent;.<clinit>()V> (0x0000000086425aa8) 
thrown [s\src\hotspot\share\prims\jni.cpp, line 1144]
Event: 27.945 Thread 0x000001e1cb62e220 Exception <a 'java/lang/NoSuchMethodError'{0x0000000086427d50}: static Lorg/gradle/internal/build/event/types/AbstractProgressEvent;.<clinit>()V> (0x0000000086427d50) 
thrown [s\src\hotspot\share\prims\jni.cpp, line 1144]
Event: 27.946 Thread 0x000001e1cb62e220 Exception <a 'java/lang/NoSuchMethodError'{0x000000008643a4d0}: static Lorg/gradle/internal/build/event/types/DefaultProjectConfigurationDescriptor;.<clinit>()V> (0x000000008643a4d0) 
thrown [s\src\hotspot\share\prims\jni.cpp, line 1144]
Event: 27.947 Thread 0x000001e1cb62e220 Exception <a 'java/lang/NoSuchMethodError'{0x000000008643ca90}: static Lorg/gradle/internal/build/event/types/DefaultOperationDescriptor;.<clinit>()V> (0x000000008643ca90) 
thrown [s\src\hotspot\share\prims\jni.cpp, line 1144]
Event: 27.947 Thread 0x000001e1cb62e220 Exception <a 'java/lang/NoSuchMethodError'{0x0000000086440890}: 'long java.lang.invoke.DirectMethodHandle$Holder.invokeSpecial(java.lang.Object, java.lang.Object)'> (0x0000000086440890) 
thrown [s\src\hotspot\share\interpreter\linkResolver.cpp, line 784]
Event: 27.947 Thread 0x000001e1cb62e220 Exception <a 'java/lang/NoSuchMethodError'{0x0000000086443ef0}: 'long java.lang.invoke.Invokers$Holder.invokeExact_MT(java.lang.Object, java.lang.Object)'> (0x0000000086443ef0) 
thrown [s\src\hotspot\share\interpreter\linkResolver.cpp, line 784]
Event: 27.948 Thread 0x000001e1cb62e220 Exception <a 'java/lang/NoSuchMethodError'{0x000000008645c148}: static Lorg/gradle/internal/operations/OperationIdentifier;.<clinit>()V> (0x000000008645c148) 
thrown [s\src\hotspot\share\prims\jni.cpp, line 1144]
Event: 27.978 Thread 0x000001e1cb5e21d0 Exception <a 'java/lang/NoSuchMethodError'{0x00000000863f0b48}: 'void java.lang.invoke.Invokers$Holder.invokeExact_MT(java.lang.Object, java.lang.Object, java.lang.Object, java.lang.Object)'> (0x00000000863f0b48) 
thrown [s\src\hotspot\share\interpreter\linkResolver.cpp, line 784]
Event: 27.980 Thread 0x000001e1cb5e21d0 Exception <a 'java/lang/ClassNotFoundException'{0x0000000086230ac8}: org/gradle/internal/serialize/codecs/core/ClosureCodec$BrokenScriptBeanInfo> (0x0000000086230ac8) 
thrown [s\src\hotspot\share\classfile\systemDictionary.cpp, line 312]
Event: 27.980 Thread 0x000001e1cb5e21d0 Exception <a 'java/lang/ClassNotFoundException'{0x000000008623f5f0}: org/gradle/internal/serialize/codecs/core/ClosureCodec$BrokenScriptCustomizer> (0x000000008623f5f0) 
thrown [s\src\hotspot\share\classfile\systemDictionary.cpp, line 312]
Event: 27.982 Thread 0x000001e1cb5e21d0 Exception <a 'java/lang/ClassNotFoundException'{0x00000000862596c8}: org/gradle/api/invocation/GradleBeanInfo> (0x00000000862596c8) 
thrown [s\src\hotspot\share\classfile\systemDictionary.cpp, line 312]
Event: 27.982 Thread 0x000001e1cb5e21d0 Exception <a 'java/lang/ClassNotFoundException'{0x00000000862656d8}: org/gradle/api/invocation/GradleCustomizer> (0x00000000862656d8) 
thrown [s\src\hotspot\share\classfile\systemDictionary.cpp, line 312]
Event: 27.983 Thread 0x000001e1cb5e21d0 Exception <a 'java/lang/NoSuchMethodError'{0x00000000862886d8}: 'void java.lang.invoke.Invokers$Holder.invokeExact_MT(java.lang.Object, java.lang.Object, int, java.lang.Object)'> (0x00000000862886d8) 
thrown [s\src\hotspot\share\interpreter\linkResolver.cpp, line 784]
Event: 27.987 Thread 0x000001e1cb5e21d0 Exception <a 'java/lang/NoSuchMethodError'{0x00000000862b9f68}: 'void java.lang.invoke.Invokers$Holder.invokeExact_MT(java.lang.Object, java.lang.Object, long, java.lang.Object)'> (0x00000000862b9f68) 
thrown [s\src\hotspot\share\interpreter\linkResolver.cpp, line 784]
Event: 28.107 Thread 0x000001e1cb5e21d0 Exception <a 'java/lang/NoSuchMethodError'{0x00000000853ff240}: 'long java.lang.invoke.DirectMethodHandle$Holder.invokeStatic(java.lang.Object, long)'> (0x00000000853ff240) 
thrown [s\src\hotspot\share\interpreter\linkResolver.cpp, line 784]
Event: 28.156 Thread 0x000001e1cb5e21d0 Implicit null exception at 0x000001e1b80c6943 to 0x000001e1b80c6c80

ZGC Phase Switch (0 events):
No events

VM Operations (20 events):
Event: 26.882 Executing VM operation: G1PauseRemark
Event: 26.886 Executing VM operation: G1PauseRemark done
Event: 26.893 Executing VM operation: G1PauseCleanup
Event: 26.893 Executing VM operation: G1PauseCleanup done
Event: 27.567 Executing VM operation: ICBufferFull
Event: 27.567 Executing VM operation: ICBufferFull done
Event: 27.630 Executing VM operation: HandshakeAllThreads (Deoptimize)
Event: 27.630 Executing VM operation: HandshakeAllThreads (Deoptimize) done
Event: 27.713 Executing VM operation: HandshakeAllThreads (Deoptimize)
Event: 27.713 Executing VM operation: HandshakeAllThreads (Deoptimize) done
Event: 27.771 Executing VM operation: G1CollectForAllocation (G1 Evacuation Pause)
Event: 27.776 Executing VM operation: G1CollectForAllocation (G1 Evacuation Pause) done
Event: 27.841 Executing VM operation: HandshakeAllThreads (Deoptimize)
Event: 27.841 Executing VM operation: HandshakeAllThreads (Deoptimize) done
Event: 27.939 Executing VM operation: HandshakeAllThreads (Deoptimize)
Event: 27.939 Executing VM operation: HandshakeAllThreads (Deoptimize) done
Event: 27.946 Executing VM operation: HandshakeAllThreads (Deoptimize)
Event: 27.946 Executing VM operation: HandshakeAllThreads (Deoptimize) done
Event: 28.955 Executing VM operation: Cleanup
Event: 28.955 Executing VM operation: Cleanup done

Memory protections (0 events):
No events

Nmethod flushes (20 events):
Event: 26.885 Thread 0x000001e1c52f4700 flushing  nmethod 0x000001e1b0362710
Event: 26.885 Thread 0x000001e1c52f4700 flushing  nmethod 0x000001e1b036d510
Event: 26.885 Thread 0x000001e1c52f4700 flushing  nmethod 0x000001e1b03bd910
Event: 26.885 Thread 0x000001e1c52f4700 flushing  nmethod 0x000001e1b03ed190
Event: 26.885 Thread 0x000001e1c52f4700 flushing  nmethod 0x000001e1b03ed510
Event: 26.885 Thread 0x000001e1c52f4700 flushing  nmethod 0x000001e1b03f3e10
Event: 26.885 Thread 0x000001e1c52f4700 flushing  nmethod 0x000001e1b03f4b10
Event: 26.885 Thread 0x000001e1c52f4700 flushing  nmethod 0x000001e1b03f5210
Event: 26.885 Thread 0x000001e1c52f4700 flushing  nmethod 0x000001e1b03f6110
Event: 26.885 Thread 0x000001e1c52f4700 flushing  nmethod 0x000001e1b03f6510
Event: 26.885 Thread 0x000001e1c52f4700 flushing  nmethod 0x000001e1b0439690
Event: 26.885 Thread 0x000001e1c52f4700 flushing  nmethod 0x000001e1b04d0910
Event: 26.885 Thread 0x000001e1c52f4700 flushing  nmethod 0x000001e1b04d5190
Event: 26.885 Thread 0x000001e1c52f4700 flushing  nmethod 0x000001e1b04d6e90
Event: 26.885 Thread 0x000001e1c52f4700 flushing  nmethod 0x000001e1b04d7410
Event: 26.885 Thread 0x000001e1c52f4700 flushing  nmethod 0x000001e1b04d8790
Event: 26.885 Thread 0x000001e1c52f4700 flushing  nmethod 0x000001e1b05c8710
Event: 26.885 Thread 0x000001e1c52f4700 flushing  nmethod 0x000001e1b0640d10
Event: 26.885 Thread 0x000001e1c52f4700 flushing  nmethod 0x000001e1b0642b10
Event: 26.885 Thread 0x000001e1c52f4700 flushing  nmethod 0x000001e1b08f4090

Events (20 events):
Event: 26.374 Thread 0x000001e1cc6a1850 Thread exited: 0x000001e1cc6a1850
Event: 26.402 Thread 0x000001e1cb5e21d0 Thread added: 0x000001e1cefdc750
Event: 26.433 Thread 0x000001e1cb5e21d0 Thread added: 0x000001e1cefdcde0
Event: 26.434 Thread 0x000001e1cb5e21d0 Thread added: 0x000001e1cefd9ff0
Event: 26.434 Thread 0x000001e1cb5e21d0 Thread added: 0x000001e1cefda680
Event: 26.435 Thread 0x000001e1cb5e21d0 Thread added: 0x000001e1cefdd470
Event: 26.435 Thread 0x000001e1cad9f340 Thread added: 0x000001e1cee66b20
Event: 26.435 Thread 0x000001e1cb5e21d0 Thread added: 0x000001e1cefddb00
Event: 26.436 Thread 0x000001e1cb5e21d0 Thread added: 0x000001e1cefde190
Event: 26.437 Thread 0x000001e1cb5e21d0 Thread added: 0x000001e1cefdad10
Event: 26.438 Thread 0x000001e1cb5e21d0 Thread added: 0x000001e1cefde820
Event: 26.440 Thread 0x000001e1cb5e21d0 Thread added: 0x000001e1cefdb3a0
Event: 26.440 Thread 0x000001e1cb5e21d0 Thread added: 0x000001e1cefdeeb0
Event: 26.463 Thread 0x000001e1cb5e21d0 Thread added: 0x000001e1cefdf540
Event: 26.483 Thread 0x000001e1cb5e21d0 Thread added: 0x000001e1cefdfbd0
Event: 26.493 Thread 0x000001e1cb5e21d0 Thread added: 0x000001e1cefe0260
Event: 27.858 Thread 0x000001e1cee66b20 Thread exited: 0x000001e1cee66b20
Event: 28.042 Thread 0x000001e1caa3ace0 Thread added: 0x000001e1cf9dc600
Event: 28.972 Thread 0x000001e1cad9f340 Thread exited: 0x000001e1cad9f340
Event: 28.972 Thread 0x000001e1cab78750 Thread exited: 0x000001e1cab78750


Dynamic libraries:
0x00007ff77fa30000 - 0x00007ff77fa3a000 	C:\Program Files\Android\Android Studio\jbr\bin\java.exe
0x00007ff986880000 - 0x00007ff986ae7000 	C:\WINDOWS\SYSTEM32\ntdll.dll
0x00007ff95a100000 - 0x00007ff95a120000 	C:\Program Files\Avast Software\Avast\aswhook.dll
0x00007ff985790000 - 0x00007ff985859000 	C:\WINDOWS\System32\KERNEL32.DLL
0x00007ff983560000 - 0x00007ff983951000 	C:\WINDOWS\System32\KERNELBASE.dll
0x00007ff983410000 - 0x00007ff98355b000 	C:\WINDOWS\System32\ucrtbase.dll
0x00007ff97aee0000 - 0x00007ff97aef8000 	C:\Program Files\Android\Android Studio\jbr\bin\jli.dll
0x00007ff97e180000 - 0x00007ff97e19b000 	C:\Program Files\Android\Android Studio\jbr\bin\VCRUNTIME140.dll
0x00007ff985860000 - 0x00007ff985a25000 	C:\WINDOWS\System32\USER32.dll
0x00007ff95ec10000 - 0x00007ff95eea3000 	C:\WINDOWS\WinSxS\amd64_microsoft.windows.common-controls_6595b64144ccf1df_6.0.26100.8037_none_3e092faae333b53b\COMCTL32.dll
0x00007ff9845f0000 - 0x00007ff984617000 	C:\WINDOWS\System32\win32u.dll
0x00007ff985490000 - 0x00007ff985539000 	C:\WINDOWS\System32\msvcrt.dll
0x00007ff984980000 - 0x00007ff9849ab000 	C:\WINDOWS\System32\GDI32.dll
0x00007ff9832e0000 - 0x00007ff98340b000 	C:\WINDOWS\System32\gdi32full.dll
0x00007ff983960000 - 0x00007ff983a03000 	C:\WINDOWS\System32\msvcp_win.dll
0x00007ff986180000 - 0x00007ff9861b1000 	C:\WINDOWS\System32\IMM32.DLL
0x00007ff97e170000 - 0x00007ff97e17c000 	C:\Program Files\Android\Android Studio\jbr\bin\vcruntime140_1.dll
0x00007ff8ffdb0000 - 0x00007ff8ffe3d000 	C:\Program Files\Android\Android Studio\jbr\bin\msvcp140.dll
0x00007ff8ffe40000 - 0x00007ff900ad6000 	C:\Program Files\Android\Android Studio\jbr\bin\server\jvm.dll
0x00007ff9853d0000 - 0x00007ff98548b000 	C:\WINDOWS\System32\ADVAPI32.dll
0x00007ff9846a0000 - 0x00007ff984747000 	C:\WINDOWS\System32\sechost.dll
0x00007ff985560000 - 0x00007ff985678000 	C:\WINDOWS\System32\RPCRT4.dll
0x00007ff9849b0000 - 0x00007ff984a24000 	C:\WINDOWS\System32\WS2_32.dll
0x00007ff981d60000 - 0x00007ff981dbe000 	C:\WINDOWS\SYSTEM32\POWRPROF.dll
0x00007ff978520000 - 0x00007ff978555000 	C:\WINDOWS\SYSTEM32\WINMM.dll
0x00007ff978290000 - 0x00007ff97829b000 	C:\WINDOWS\SYSTEM32\VERSION.dll
0x00007ff981d40000 - 0x00007ff981d54000 	C:\WINDOWS\SYSTEM32\UMPDC.dll
0x00007ff982010000 - 0x00007ff98202b000 	C:\WINDOWS\SYSTEM32\kernel.appcore.dll
0x00007ff97c460000 - 0x00007ff97c46a000 	C:\Program Files\Android\Android Studio\jbr\bin\jimage.dll
0x00007ff980cd0000 - 0x00007ff980f12000 	C:\WINDOWS\SYSTEM32\DBGHELP.DLL
0x00007ff9861d0000 - 0x00007ff986552000 	C:\WINDOWS\System32\combase.dll
0x00007ff985a30000 - 0x00007ff985b07000 	C:\WINDOWS\System32\OLEAUT32.dll
0x00007ff971970000 - 0x00007ff9719ab000 	C:\WINDOWS\SYSTEM32\dbgcore.DLL
0x00007ff983a10000 - 0x00007ff983ab5000 	C:\WINDOWS\System32\bcryptPrimitives.dll
0x00007ff97aed0000 - 0x00007ff97aede000 	C:\Program Files\Android\Android Studio\jbr\bin\instrument.dll
0x00007ff97c440000 - 0x00007ff97c460000 	C:\Program Files\Android\Android Studio\jbr\bin\java.dll
0x00007ff97c420000 - 0x00007ff97c438000 	C:\Program Files\Android\Android Studio\jbr\bin\zip.dll
0x00007ff984c10000 - 0x00007ff98536f000 	C:\WINDOWS\System32\SHELL32.dll
0x00007ff983b50000 - 0x00007ff983cba000 	C:\WINDOWS\System32\wintypes.dll
0x00007ff983cc0000 - 0x00007ff984524000 	C:\WINDOWS\System32\windows.storage.dll
0x00007ff985690000 - 0x00007ff985787000 	C:\WINDOWS\System32\SHCORE.dll
0x00007ff984810000 - 0x00007ff984877000 	C:\WINDOWS\System32\shlwapi.dll
0x00007ff983080000 - 0x00007ff9830a9000 	C:\WINDOWS\SYSTEM32\profapi.dll
0x00007ff97c410000 - 0x00007ff97c420000 	C:\Program Files\Android\Android Studio\jbr\bin\net.dll
0x00007ff97cba0000 - 0x00007ff97ccc7000 	C:\WINDOWS\SYSTEM32\WINHTTP.dll
0x00007ff982580000 - 0x00007ff9825eb000 	C:\WINDOWS\system32\mswsock.dll
0x00007ff97bf90000 - 0x00007ff97bfa6000 	C:\Program Files\Android\Android Studio\jbr\bin\nio.dll
0x00007ff97af30000 - 0x00007ff97af40000 	C:\Program Files\Android\Android Studio\jbr\bin\verify.dll
0x00007ff97af00000 - 0x00007ff97af27000 	C:\Users\PC\.gradle\native\1def1411415f61bf3af743bc5b6707747c0891f09f0c88961ee8f79bc544acac\windows-amd64\native-platform.dll
0x00007ff8f6a00000 - 0x00007ff8f6a78000 	C:\Users\PC\.gradle\native\0.2.7\x86_64-windows-gnu\gradle-fileevents.dll
0x00007ff97bf70000 - 0x00007ff97bf79000 	C:\Program Files\Android\Android Studio\jbr\bin\management.dll
0x00007ff97bf60000 - 0x00007ff97bf6b000 	C:\Program Files\Android\Android Studio\jbr\bin\management_ext.dll
0x00007ff985fa0000 - 0x00007ff985fa8000 	C:\WINDOWS\System32\PSAPI.DLL
0x00007ff981970000 - 0x00007ff9819a3000 	C:\WINDOWS\SYSTEM32\IPHLPAPI.DLL
0x00007ff9861c0000 - 0x00007ff9861ca000 	C:\WINDOWS\System32\NSI.dll
0x00007ff97bf80000 - 0x00007ff97bf89000 	C:\Program Files\Android\Android Studio\jbr\bin\extnet.dll
0x00007ff982870000 - 0x00007ff98288b000 	C:\WINDOWS\SYSTEM32\CRYPTSP.dll
0x00007ff981f70000 - 0x00007ff981fa9000 	C:\WINDOWS\system32\rsaenh.dll
0x00007ff982630000 - 0x00007ff982662000 	C:\WINDOWS\SYSTEM32\USERENV.dll
0x00007ff983050000 - 0x00007ff98307a000 	C:\WINDOWS\SYSTEM32\bcrypt.dll
0x00007ff982860000 - 0x00007ff98286c000 	C:\WINDOWS\SYSTEM32\CRYPTBASE.dll
0x00007ff9586c0000 - 0x00007ff9586c8000 	C:\WINDOWS\system32\wshunix.dll

JVMTI agents:
C:\Users\PC\.gradle\wrapper\dists\gradle-8.13-bin\5xuhj0ry160q40clulazy9h7d\gradle-8.13\lib\agents\gradle-instrumentation-agent-8.13.jar path:C:\Program Files\Android\Android Studio\jbr\bin\instrument.dll, loaded, initialized, instrumentlib options:none

dbghelp: loaded successfully - version: 4.0.5 - missing functions: none
symbol engine: initialized successfully - sym options: 0x614 - pdb path: .;C:\Program Files\Android\Android Studio\jbr\bin;C:\WINDOWS\SYSTEM32;C:\Program Files\Avast Software\Avast;C:\WINDOWS\WinSxS\amd64_microsoft.windows.common-controls_6595b64144ccf1df_6.0.26100.8037_none_3e092faae333b53b;C:\Program Files\Android\Android Studio\jbr\bin\server;C:\Users\PC\.gradle\native\1def1411415f61bf3af743bc5b6707747c0891f09f0c88961ee8f79bc544acac\windows-amd64;C:\Users\PC\.gradle\native\0.2.7\x86_64-windows-gnu

VM Arguments:
jvm_args: --add-opens=java.base/java.lang=ALL-UNNAMED --add-opens=java.base/java.lang.invoke=ALL-UNNAMED --add-opens=java.base/java.util=ALL-UNNAMED --add-opens=java.prefs/java.util.prefs=ALL-UNNAMED --add-exports=jdk.compiler/com.sun.tools.javac.api=ALL-UNNAMED --add-exports=jdk.compiler/com.sun.tools.javac.util=ALL-UNNAMED --add-opens=java.base/java.util=ALL-UNNAMED --add-opens=java.prefs/java.util.prefs=ALL-UNNAMED --add-opens=java.base/java.nio.charset=ALL-UNNAMED --add-opens=java.base/java.net=ALL-UNNAMED --add-opens=java.base/java.util.concurrent.atomic=ALL-UNNAMED --add-opens=java.xml/javax.xml.namespace=ALL-UNNAMED -Xmx2048m -Dfile.encoding=UTF-8 -Duser.country=US -Duser.language=en -Duser.variant -javaagent:C:\Users\PC\.gradle\wrapper\dists\gradle-8.13-bin\5xuhj0ry160q40clulazy9h7d\gradle-8.13\lib\agents\gradle-instrumentation-agent-8.13.jar 
java_command: org.gradle.launcher.daemon.bootstrap.GradleDaemon 8.13
java_class_path (initial): C:\Users\PC\.gradle\wrapper\dists\gradle-8.13-bin\5xuhj0ry160q40clulazy9h7d\gradle-8.13\lib\gradle-daemon-main-8.13.jar
Launcher Type: SUN_STANDARD

[Global flags]
     intx CICompilerCount                          = 12                                        {product} {ergonomic}
     uint ConcGCThreads                            = 3                                         {product} {ergonomic}
     uint G1ConcRefinementThreads                  = 13                                        {product} {ergonomic}
   size_t G1HeapRegionSize                         = 1048576                                   {product} {ergonomic}
    uintx GCDrainStackTargetSize                   = 64                                        {product} {ergonomic}
   size_t InitialHeapSize                          = 264241152                                 {product} {ergonomic}
   size_t MarkStackSize                            = 4194304                                   {product} {ergonomic}
   size_t MaxHeapSize                              = 2147483648                                {product} {command line}
   size_t MaxNewSize                               = 1287651328                                {product} {ergonomic}
   size_t MinHeapDeltaBytes                        = 1048576                                   {product} {ergonomic}
   size_t MinHeapSize                              = 8388608                                   {product} {ergonomic}
    uintx NonNMethodCodeHeapSize                   = 7602480                                {pd product} {ergonomic}
    uintx NonProfiledCodeHeapSize                  = 122027880                              {pd product} {ergonomic}
    uintx ProfiledCodeHeapSize                     = 122027880                              {pd product} {ergonomic}
    uintx ReservedCodeCacheSize                    = 251658240                              {pd product} {ergonomic}
     bool SegmentedCodeCache                       = true                                      {product} {ergonomic}
   size_t SoftMaxHeapSize                          = 2147483648                             {manageable} {ergonomic}
     bool UseCompressedOops                        = true                           {product lp64_product} {ergonomic}
     bool UseG1GC                                  = true                                      {product} {ergonomic}
     bool UseLargePagesIndividualAllocation        = false                                  {pd product} {ergonomic}

Logging:
Log output configuration:
 #0: stdout all=warning uptime,level,tags foldmultilines=false
 #1: stderr all=off uptime,level,tags foldmultilines=false

Release file:
JAVA_VERSION="21.0.9" 
MODULES="java.base java.compiler java.datatransfer java.xml java.prefs java.desktop java.instrument java.logging java.management java.security.sasl java.naming java.rmi java.management.rmi java.net.http java.scripting java.security.jgss java.transaction.xa java.sql java.sql.rowset java.xml.crypto java.se java.smartcardio jdk.accessibility jdk.internal.jvmstat jdk.attach jdk.charsets jdk.internal.opt jdk.zipfs jdk.compiler jdk.crypto.ec jdk.crypto.cryptoki jdk.dynalink jdk.hotspot.agent jdk.httpserver jdk.internal.ed jdk.internal.le jdk.internal.vm.ci jdk.jartool jdk.javadoc jdk.jcmd jdk.jdeps jdk.jdwp.agent jdk.jdi jdk.jfr jdk.jlink jdk.jsobject jdk.localedata jdk.management jdk.management.agent jdk.management.jfr jdk.naming.dns jdk.naming.rmi jdk.net jdk.sctp jdk.security.auth jdk.security.jgss jdk.unsupported jdk.unsupported.desktop jdk.xml.dom" 
IMPLEMENTOR="JetBrains s.r.o." 
JAVA_RUNTIME_VERSION="21.0.9+-14787801-b1163.94" 
LIBC="default" 
OS_ARCH="x86_64" 
OS_NAME="Windows" 
SOURCE=".:git:0c757ddc9f2f" 

Environment Variables:
PATH=C:\Program Files\Java\jdk-21\bin;C:\Program Files (x86)\VMware\VMware Workstation\bin\;C:\WINDOWS\system32;C:\WINDOWS;C:\WINDOWS\System32\Wbem;C:\WINDOWS\System32\WindowsPowerShell\v1.0\;C:\WINDOWS\System32\OpenSSH\;D:\python\file_he_thong\;C:\Program Files\nodejs\;C:\Program Files\Git\cmd;C:\Program Files\Tailscale\;C:\Users\PC\AppData\Local\Programs\Python\Python314\Scripts\;C:\Users\PC\AppData\Local\Programs\Python\Python314\;C:\Users\PC\AppData\Local\Programs\Python\Launcher\;C:\Users\PC\.local\bin;C:\Users\PC\AppData\Local\Microsoft\WindowsApps;D:\python\file_he_thong;D:\python\file_he_thong\Scripts;D:\VScode\bin;D:\nmap;C:\Users\PC\AppData\Roaming\npm;D:\IntelliJ IDEA\IntelliJ IDEA 2025.3.2\bin;C:\Users\PC\AppData\Local\Programs\Antigravity\bin
USERNAME=PC
OS=Windows_NT
PROCESSOR_IDENTIFIER=Intel64 Family 6 Model 154 Stepping 3, GenuineIntel
TMP=C:\Users\PC\AppData\Local\Temp
TEMP=C:\Users\PC\AppData\Local\Temp




Periodic native trim disabled

JNI global refs:
JNI global refs: 35, weak refs: 0

JNI global refs memory usage: 835, weak refs: 833

Process memory usage:
Resident Set Size: 337080K (2% of 16388852K total physical memory with 4063948K free physical memory)

OOME stack traces (most recent first):
Classloader memory used:
Loader org.gradle.internal.classloader.VisitableURLClassLoader                         : 36534K
Loader bootstrap                                                                       : 23434K
Loader org.gradle.initialization.MixInLegacyTypesClassLoader                           : 9316K
Loader jdk.internal.loader.ClassLoaders$PlatformClassLoader                            : 515K
Loader jdk.internal.loader.ClassLoaders$AppClassLoader                                 : 235K
Loader org.gradle.groovy.scripts.internal.DefaultScriptCompilationHandler$ScriptClassLoader: 101704B
Loader org.gradle.internal.classloader.VisitableURLClassLoader                         : 78056B
Loader jdk.internal.reflect.DelegatingClassLoader                                      : 68896B
Loader org.gradle.internal.classloader.VisitableURLClassLoader$InstrumentingVisitableURLClassLoader: 18736B
Loader org.codehaus.groovy.runtime.callsite.CallSiteClassLoader                        : 10160B

Classes loaded by more than one classloader:
Class org.gradle.internal.classloader.FilteringClassLoader                            : loaded 2 times (x 105B)
Class org.gradle.internal.classloader.ClassLoaderHierarchy                            : loaded 2 times (x 70B)
Class org.gradle.api.internal.classpath.ManifestUtil                                  : loaded 2 times (x 71B)
Class org.gradle.internal.classloader.DefaultClassLoaderFactory                       : loaded 2 times (x 82B)
Class org.gradle.internal.classloader.ClassLoaderVisitor                              : loaded 2 times (x 76B)
Class org.gradle.api.internal.classpath.EffectiveClassPath                            : loaded 2 times (x 90B)
Class org.gradle.api.internal.DefaultClassPathProvider                                : loaded 2 times (x 76B)
Class ijKotlinCoroutineJvmDebugInit1_7hgm1gc4c3sgaanxczd9x8itr$_run_closure1          : loaded 2 times (x 139B)
Class [Lorg.gradle.api.internal.ClassPathProvider;                                    : loaded 2 times (x 69B)
Class org.gradle.api.internal.ClassPathProvider                                       : loaded 2 times (x 70B)
Class org.gradle.internal.service.UnknownServiceException                             : loaded 2 times (x 83B)
Class org.gradle.internal.classpath.TransformedClassPath                              : loaded 2 times (x 96B)
Class org.gradle.internal.classloader.InstrumentingClassLoader                        : loaded 2 times (x 70B)
Class org.gradle.internal.service.ServiceLocator                                      : loaded 2 times (x 70B)
Class org.gradle.internal.InternalTransformer                                         : loaded 2 times (x 70B)
Class org.gradle.internal.classloader.ClasspathUtil$1                                 : loaded 2 times (x 76B)
Class org.gradle.api.internal.classpath.DefaultModuleRegistry$DefaultModule           : loaded 2 times (x 86B)
Class org.gradle.api.internal.classpath.Module                                        : loaded 2 times (x 70B)
Class org.gradle.api.internal.classpath.UnknownModuleException                        : loaded 2 times (x 82B)
Class ijJvmDebugger1_574hue39iibyef1jkgoksxxat$_run_closure1                          : loaded 2 times (x 139B)
Class org.gradle.api.internal.DefaultClassPathRegistry                                : loaded 2 times (x 76B)
Class org.gradle.api.internal.ClassPathRegistry                                       : loaded 2 times (x 70B)
Class org.gradle.internal.classpath.DefaultClassPath$ImmutableUniqueList              : loaded 2 times (x 199B)
Class Settings_gradle$1                                                               : loaded 2 times (x 74B)
Class Program                                                                         : loaded 2 times (x 72B)
Class org.gradle.internal.classpath.ClassPath                                         : loaded 2 times (x 70B)
Class org.gradle.api.UncheckedIOException                                             : loaded 2 times (x 82B)
Class org.gradle.internal.installation.GradleInstallation$1                           : loaded 2 times (x 75B)
Class org.gradle.api.internal.classpath.ModuleRegistry                                : loaded 2 times (x 70B)
Class org.gradle.api.internal.classpath.DefaultModuleRegistry                         : loaded 2 times (x 86B)
Class org.gradle.internal.service.ServiceLookupException                              : loaded 2 times (x 82B)
Class org.gradle.internal.classloader.ClassLoaderFactory                              : loaded 2 times (x 70B)
Class org.gradle.internal.service.CachingServiceLocator                               : loaded 2 times (x 82B)
Class org.gradle.internal.classloader.ClasspathUtil                                   : loaded 2 times (x 71B)
Class org.gradle.api.specs.Spec                                                       : loaded 2 times (x 70B)
Class org.gradle.internal.classloader.VisitableURLClassLoader$InstrumentingVisitableURLClassLoader: loaded 2 times (x 123B)
Class org.gradle.internal.classloader.VisitableURLClassLoader$Spec                    : loaded 2 times (x 74B)
Class org.gradle.internal.classpath.DefaultClassPath                                  : loaded 2 times (x 90B)
Class org.gradle.internal.classloader.ClassLoaderSpec                                 : loaded 2 times (x 71B)
Class Settings_gradle$1$1                                                             : loaded 2 times (x 74B)
Class org.gradle.internal.classloader.VisitableURLClassLoader                         : loaded 2 times (x 117B)
Class Settings_gradle                                                                 : loaded 2 times (x 128B)
Class org.gradle.internal.Cast                                                        : loaded 2 times (x 71B)
Class org.gradle.api.Action                                                           : loaded 2 times (x 70B)
Class ijKotlinCoroutineJvmDebugInit1_7hgm1gc4c3sgaanxczd9x8itr                        : loaded 2 times (x 179B)
Class org.gradle.internal.classpath.DefaultClassPath$ImmutableUniqueList$Builder      : loaded 2 times (x 75B)
Class org.gradle.api.GradleException                                                  : loaded 2 times (x 82B)
Class ijJvmDebugger1_574hue39iibyef1jkgoksxxat                                        : loaded 2 times (x 179B)
Class org.gradle.internal.IoActions                                                   : loaded 2 times (x 71B)
Class org.gradle.internal.classloader.SystemClassLoaderSpec                           : loaded 2 times (x 71B)
Class org.gradle.api.internal.classpath.GlobalCacheRootsProvider                      : loaded 2 times (x 70B)
Class org.gradle.internal.installation.CurrentGradleInstallationLocator               : loaded 2 times (x 71B)
Class org.gradle.internal.service.DefaultServiceLocator                               : loaded 2 times (x 83B)
Class org.gradle.internal.installation.CurrentGradleInstallation                      : loaded 2 times (x 73B)
Class org.gradle.util.internal.GUtil                                                  : loaded 2 times (x 71B)
Class org.gradle.internal.installation.GradleInstallation                             : loaded 2 times (x 75B)

---------------  S Y S T E M  ---------------

OS:
 Windows 11 , 64 bit Build 26100 (10.0.26100.7920)
OS uptime: 0 days 2:49 hours
Hyper-V role detected

CPU: total 16 (initial active 16) (8 cores per cpu, 2 threads per core) family 6 model 154 stepping 3 microcode 0x429, cx8, cmov, fxsr, ht, mmx, 3dnowpref, sse, sse2, sse3, ssse3, sse4.1, sse4.2, popcnt, lzcnt, tsc, tscinvbit, avx, avx2, aes, erms, clmul, bmi1, bmi2, adx, sha, fma, vzeroupper, clflush, clflushopt, clwb, hv, serialize, rdtscp, rdpid, fsrm, f16c, cet_ibt, cet_ss
Processor Information for processor 0
  Max Mhz: 2300, Current Mhz: 2300, Mhz Limit: 2300
Processor Information for processor 1
  Max Mhz: 2300, Current Mhz: 1506, Mhz Limit: 2300
Processor Information for processor 2
  Max Mhz: 2300, Current Mhz: 1506, Mhz Limit: 2300
Processor Information for processor 3
  Max Mhz: 2300, Current Mhz: 1506, Mhz Limit: 2300
Processor Information for processor 4
  Max Mhz: 2300, Current Mhz: 2300, Mhz Limit: 2300
Processor Information for processor 5
  Max Mhz: 2300, Current Mhz: 2300, Mhz Limit: 2300
Processor Information for processor 6
  Max Mhz: 2300, Current Mhz: 2300, Mhz Limit: 2300
Processor Information for processor 7
  Max Mhz: 2300, Current Mhz: 2300, Mhz Limit: 2300
Processor Information for processor 8
  Max Mhz: 2300, Current Mhz: 2300, Mhz Limit: 2300
Processor Information for processor 9
  Max Mhz: 2300, Current Mhz: 2300, Mhz Limit: 2300
Processor Information for processor 10
  Max Mhz: 2300, Current Mhz: 2300, Mhz Limit: 2300
Processor Information for processor 11
  Max Mhz: 2300, Current Mhz: 2300, Mhz Limit: 2300
Processor Information for processor 12
  Max Mhz: 2300, Current Mhz: 2300, Mhz Limit: 2300
Processor Information for processor 13
  Max Mhz: 2300, Current Mhz: 1488, Mhz Limit: 2300
Processor Information for processor 14
  Max Mhz: 2300, Current Mhz: 2300, Mhz Limit: 2300
Processor Information for processor 15
  Max Mhz: 2300, Current Mhz: 2300, Mhz Limit: 2300

Memory: 4k page, system-wide physical 16004M (3966M free)
TotalPageFile size 16004M (AvailPageFile size 9M)
current process WorkingSet (physical memory assigned to process): 332M, peak: 332M
current process commit charge ("private bytes"): 380M, peak: 393M

vm_info: OpenJDK 64-Bit Server VM (21.0.9+-14787801-b1163.94) for windows-amd64 JRE (21.0.9+-14787801-b1163.94), built on 2026-01-27T21:15:44Z by "builder" with MS VC++ 16.10 / 16.11 (VS2019)

END.
