#
# There is insufficient memory for the Java Runtime Environment to continue.
# Native memory allocation (mmap) failed to map 264241152 bytes for G1 virtual space
# Possible reasons:
#   The system is out of physical RAM or swap space
#   The process is running with CompressedOops enabled, and the Java Heap may be blocking the growth of the native heap
# Possible solutions:
#   Reduce memory load on the system
#   Increase physical memory or swap space
#   Check if swap backing store is full
#   Decrease Java heap size (-Xmx/-Xms)
#   Decrease number of Java threads
#   Decrease Java thread stack sizes (-Xss)
#   Set larger code cache with -XX:ReservedCodeCacheSize=
#   JVM is running with Zero Based Compressed Oops mode in which the Java heap is
#     placed in the first 32GB address space. The Java Heap base address is the
#     maximum limit for the native heap growth. Please use -XX:HeapBaseMinAddress
#     to set the Java Heap base and to place the Java Heap above 32GB virtual address.
# This output file may be truncated or incomplete.
#
#  Out of Memory Error (os_windows.cpp:3603), pid=6432, tid=1544
#
# JRE version:  (21.0.7+8) (build )
# Java VM: Java HotSpot(TM) 64-Bit Server VM (21.0.7+8-LTS-245, mixed mode, sharing, tiered, compressed oops, compressed class ptrs, g1 gc, windows-amd64)
# No core dump will be written. Minidumps are not enabled by default on client versions of Windows
#

---------------  S U M M A R Y ------------

Command Line: -Duser.language=en C:\Users\PC\.cache\firebase\emulators\cloud-storage-rules-runtime-v1.1.3.jar serve

Host: 12th Gen Intel(R) Core(TM) i7-12650H, 16 cores, 15G,  Windows 11 , 64 bit Build 26100 (10.0.26100.7920)
Time: Wed Apr  1 16:51:32 2026 SE Asia Standard Time elapsed time: 2.039964 seconds (0d 0h 0m 2s)

---------------  T H R E A D  ---------------

Current thread (0x000001d90df65470):  JavaThread "Unknown thread" [_thread_in_vm, id=1544, stack(0x000000bd4b300000,0x000000bd4b400000) (1024K)]

Stack: [0x000000bd4b300000,0x000000bd4b400000]
Native frames: (J=compiled Java code, j=interpreted, Vv=VM code, C=native code)
V  [jvm.dll+0x6cae19]
V  [jvm.dll+0x855741]
V  [jvm.dll+0x857c6e]
V  [jvm.dll+0x858343]
V  [jvm.dll+0x27e0b6]
V  [jvm.dll+0x6c7595]
V  [jvm.dll+0x6bc0fa]
V  [jvm.dll+0x353eaa]
V  [jvm.dll+0x35bb26]
V  [jvm.dll+0x3ae52e]
V  [jvm.dll+0x3ae7d8]
V  [jvm.dll+0x3281bc]
V  [jvm.dll+0x328d1b]
V  [jvm.dll+0x81eaf9]
V  [jvm.dll+0x3bb211]
V  [jvm.dll+0x807d78]
V  [jvm.dll+0x4503ee]
V  [jvm.dll+0x451fe1]
C  [jli.dll+0x52a3]
C  [ucrtbase.dll+0x37b0]
C  [KERNEL32.DLL+0x2e8d7]
C  [ntdll.dll+0x8c48c]


---------------  P R O C E S S  ---------------

Threads class SMR info:
_java_thread_list=0x00007ffebe87cc48, length=0, elements={
}

Java Threads: ( => current thread )
Total: 0

Other Threads:
  0x000001d90dfc1c00 WorkerThread "GC Thread#0"                     [id=18220, stack(0x000000bd4b400000,0x000000bd4b500000) (1024K)]
  0x000001d90dfd25f0 ConcurrentGCThread "G1 Main Marker"            [id=17420, stack(0x000000bd4b500000,0x000000bd4b600000) (1024K)]
  0x000001d90dfd30f0 WorkerThread "G1 Conc#0"                       [id=7576, stack(0x000000bd4b600000,0x000000bd4b700000) (1024K)]

[error occurred during error reporting (printing all threads), id 0xc0000005, EXCEPTION_ACCESS_VIOLATION (0xc0000005) at pc=0x00007ffebdfea947]
VM state: not at safepoint (not fully initialized)

VM Mutex/Monitor currently owned by a thread:  ([mutex/lock_event])
[0x00007ffebe8edf50] Heap_lock - owner thread: 0x000001d90df65470

Heap address: 0x0000000705e00000, size: 4002 MB, Compressed Oops mode: Zero based, Oop shift amount: 3

CDS archive(s) mapped at: [0x0000000000000000-0x0000000000000000-0x0000000000000000), size 0, SharedBaseAddress: 0x0000000800000000, ArchiveRelocationMode: 1.
Narrow klass base: 0x0000000000000000, Narrow klass shift: 0, Narrow klass range: 0x0

GC Precious Log:
 CardTable entry size: 512
 Card Set container configuration: InlinePtr #cards 4 size 8 Array Of Cards #cards 16 size 48 Howl #buckets 8 coarsen threshold 3686 Howl Bitmap #cards 512 size 80 coarsen threshold 460 Card regions per heap region 1 cards per card region 4096

Heap:
 garbage-first heap   total 0K, used 0K [0x0000000705e00000, 0x0000000800000000)
  region size 2048K, 0 young (0K), 0 survivors (0K)

[error occurred during error reporting (printing heap information), id 0xc0000005, EXCEPTION_ACCESS_VIOLATION (0xc0000005) at pc=0x00007ffebe3d3e79]
GC Heap History (0 events):
No events

Dll operation events (1 events):
Event: 0.006 Loaded shared library C:\Program Files\Java\jdk-21\bin\java.dll

Deoptimization events (0 events):
No events

Classes loaded (0 events):
No events

Classes unloaded (0 events):
No events

Classes redefined (0 events):
No events

Internal exceptions (0 events):
No events

ZGC Phase Switch (0 events):
No events

VM Operations (0 events):
No events

Events (0 events):
No events


Dynamic libraries:
0x00007ff650950000 - 0x00007ff650960000 	C:\Program Files\Java\jdk-21\bin\java.exe
0x00007fff9f9c0000 - 0x00007fff9fc27000 	C:\WINDOWS\SYSTEM32\ntdll.dll
0x00007fff62430000 - 0x00007fff62450000 	C:\Program Files\Avast Software\Avast\aswhook.dll
0x00007fff9e8a0000 - 0x00007fff9e969000 	C:\WINDOWS\System32\KERNEL32.DLL
0x00007fff9d0b0000 - 0x00007fff9d4a1000 	C:\WINDOWS\System32\KERNELBASE.dll
0x00007fff9cf30000 - 0x00007fff9d07b000 	C:\WINDOWS\System32\ucrtbase.dll
0x00007fff7caf0000 - 0x00007fff7cb09000 	C:\Program Files\Java\jdk-21\bin\jli.dll
0x00007fff7b930000 - 0x00007fff7b94b000 	C:\Program Files\Java\jdk-21\bin\VCRUNTIME140.dll
0x00007fff9f600000 - 0x00007fff9f6bb000 	C:\WINDOWS\System32\ADVAPI32.dll
0x00007fff9d9b0000 - 0x00007fff9da59000 	C:\WINDOWS\System32\msvcrt.dll
0x00007fff9f450000 - 0x00007fff9f4f7000 	C:\WINDOWS\System32\sechost.dll
0x00007fff9e3f0000 - 0x00007fff9e508000 	C:\WINDOWS\System32\RPCRT4.dll
0x00007fff9f280000 - 0x00007fff9f445000 	C:\WINDOWS\System32\USER32.dll
0x00007fff9d080000 - 0x00007fff9d0a7000 	C:\WINDOWS\System32\win32u.dll
0x00007fff7bdf0000 - 0x00007fff7c083000 	C:\WINDOWS\WinSxS\amd64_microsoft.windows.common-controls_6595b64144ccf1df_6.0.26100.8037_none_3e092faae333b53b\COMCTL32.dll
0x00007fff9d760000 - 0x00007fff9d78b000 	C:\WINDOWS\System32\GDI32.dll
0x00007fff9d4b0000 - 0x00007fff9d5db000 	C:\WINDOWS\System32\gdi32full.dll
0x00007fff9c410000 - 0x00007fff9c4b3000 	C:\WINDOWS\System32\msvcp_win.dll
0x00007fff8ccf0000 - 0x00007fff8ccfb000 	C:\WINDOWS\SYSTEM32\VERSION.dll
0x00007fff9f6c0000 - 0x00007fff9f6f1000 	C:\WINDOWS\System32\IMM32.DLL
0x00007fff93f80000 - 0x00007fff93f8c000 	C:\Program Files\Java\jdk-21\bin\vcruntime140_1.dll
0x00007fff7b020000 - 0x00007fff7b0ae000 	C:\Program Files\Java\jdk-21\bin\msvcp140.dll
0x00007ffebdcb0000 - 0x00007ffebe9ca000 	C:\Program Files\Java\jdk-21\bin\server\jvm.dll
0x00007fff9f900000 - 0x00007fff9f974000 	C:\WINDOWS\System32\WS2_32.dll
0x00007fff9aea0000 - 0x00007fff9aefe000 	C:\WINDOWS\SYSTEM32\POWRPROF.dll
0x00007fff91740000 - 0x00007fff91775000 	C:\WINDOWS\SYSTEM32\WINMM.dll
0x00007fff9ae80000 - 0x00007fff9ae94000 	C:\WINDOWS\SYSTEM32\UMPDC.dll
0x00007fff9b150000 - 0x00007fff9b16b000 	C:\WINDOWS\SYSTEM32\kernel.appcore.dll
0x00007fff7b130000 - 0x00007fff7b13a000 	C:\Program Files\Java\jdk-21\bin\jimage.dll
0x00007fff9a0b0000 - 0x00007fff9a2f2000 	C:\WINDOWS\SYSTEM32\DBGHELP.DLL
0x00007fff9e510000 - 0x00007fff9e892000 	C:\WINDOWS\System32\combase.dll
0x00007fff9f520000 - 0x00007fff9f5f7000 	C:\WINDOWS\System32\OLEAUT32.dll
0x00007fff8bda0000 - 0x00007fff8bddb000 	C:\WINDOWS\SYSTEM32\dbgcore.DLL
0x00007fff9c2a0000 - 0x00007fff9c345000 	C:\WINDOWS\System32\bcryptPrimitives.dll
0x00007fff7b110000 - 0x00007fff7b12f000 	C:\Program Files\Java\jdk-21\bin\java.dll

dbghelp: loaded successfully - version: 4.0.5 - missing functions: none
symbol engine: initialized successfully - sym options: 0x614 - pdb path: .;C:\Program Files\Java\jdk-21\bin;C:\WINDOWS\SYSTEM32;C:\Program Files\Avast Software\Avast;C:\WINDOWS\WinSxS\amd64_microsoft.windows.common-controls_6595b64144ccf1df_6.0.26100.8037_none_3e092faae333b53b;C:\Program Files\Java\jdk-21\bin\server

VM Arguments:
jvm_args: -Duser.language=en 
java_command: C:\Users\PC\.cache\firebase\emulators\cloud-storage-rules-runtime-v1.1.3.jar serve
java_class_path (initial): C:\Users\PC\.cache\firebase\emulators\cloud-storage-rules-runtime-v1.1.3.jar
Launcher Type: SUN_STANDARD

[Global flags]
     intx CICompilerCount                          = 12                                        {product} {ergonomic}
     uint ConcGCThreads                            = 3                                         {product} {ergonomic}
     uint G1ConcRefinementThreads                  = 13                                        {product} {ergonomic}
   size_t G1HeapRegionSize                         = 2097152                                   {product} {ergonomic}
    uintx GCDrainStackTargetSize                   = 64                                        {product} {ergonomic}
   size_t InitialHeapSize                          = 264241152                                 {product} {ergonomic}
   size_t MarkStackSize                            = 4194304                                   {product} {ergonomic}
   size_t MaxHeapSize                              = 4196401152                                {product} {ergonomic}
   size_t MinHeapDeltaBytes                        = 2097152                                   {product} {ergonomic}
   size_t MinHeapSize                              = 8388608                                   {product} {ergonomic}
    uintx NonNMethodCodeHeapSize                   = 7602480                                {pd product} {ergonomic}
    uintx NonProfiledCodeHeapSize                  = 122027880                              {pd product} {ergonomic}
    uintx ProfiledCodeHeapSize                     = 122027880                              {pd product} {ergonomic}
    uintx ReservedCodeCacheSize                    = 251658240                              {pd product} {ergonomic}
     bool SegmentedCodeCache                       = true                                      {product} {ergonomic}
   size_t SoftMaxHeapSize                          = 4196401152                             {manageable} {ergonomic}
     bool UseCompressedOops                        = true                           {product lp64_product} {ergonomic}
     bool UseG1GC                                  = true                                      {product} {ergonomic}
     bool UseLargePagesIndividualAllocation        = false                                  {pd product} {ergonomic}

Logging:
Log output configuration:
 #0: stdout all=warning uptime,level,tags foldmultilines=false
 #1: stderr all=off uptime,level,tags foldmultilines=false

Environment Variables:
PATH=C:\Program Files\Java\jdk-21\bin;C:\Program Files (x86)\VMware\VMware Workstation\bin\;C:\WINDOWS\system32;C:\WINDOWS;C:\WINDOWS\System32\Wbem;C:\WINDOWS\System32\WindowsPowerShell\v1.0\;C:\WINDOWS\System32\OpenSSH\;D:\python\file_he_thong\;C:\Program Files\nodejs\;C:\Program Files\Git\cmd;C:\Program Files\Tailscale\;C:\Users\PC\AppData\Local\Programs\Python\Python314\Scripts\;C:\Users\PC\AppData\Local\Programs\Python\Python314\;C:\Users\PC\AppData\Local\Programs\Python\Launcher\;C:\Users\PC\.local\bin;C:\Users\PC\AppData\Local\Microsoft\WindowsApps;D:\python\file_he_thong;D:\python\file_he_thong\Scripts;D:\VScode\bin;D:\nmap;C:\Users\PC\AppData\Roaming\npm;D:\IntelliJ IDEA\IntelliJ IDEA 2025.3.2\bin
USERNAME=PC
OS=Windows_NT
PROCESSOR_IDENTIFIER=Intel64 Family 6 Model 154 Stepping 3, GenuineIntel
TMP=C:\Users\PC\AppData\Local\Temp
TEMP=C:\Users\PC\AppData\Local\Temp




Periodic native trim disabled

---------------  S Y S T E M  ---------------

OS:
 Windows 11 , 64 bit Build 26100 (10.0.26100.7920)
OS uptime: 0 days 0:42 hours
Hyper-V role detected

CPU: total 16 (initial active 16) (8 cores per cpu, 2 threads per core) family 6 model 154 stepping 3 microcode 0x429, cx8, cmov, fxsr, ht, mmx, 3dnowpref, sse, sse2, sse3, ssse3, sse4.1, sse4.2, popcnt, lzcnt, tsc, tscinvbit, avx, avx2, aes, erms, clmul, bmi1, bmi2, adx, sha, fma, vzeroupper, clflush, clflushopt, clwb, hv, serialize, rdtscp, rdpid, fsrm, f16c, cet_ibt, cet_ss
Processor Information for processor 0
  Max Mhz: 2300, Current Mhz: 2300, Mhz Limit: 2300
Processor Information for processor 1
  Max Mhz: 2300, Current Mhz: 2300, Mhz Limit: 2300
Processor Information for processor 2
  Max Mhz: 2300, Current Mhz: 2300, Mhz Limit: 2300
Processor Information for processor 3
  Max Mhz: 2300, Current Mhz: 1506, Mhz Limit: 2300
Processor Information for processor 4
  Max Mhz: 2300, Current Mhz: 2300, Mhz Limit: 2300
Processor Information for processor 5
  Max Mhz: 2300, Current Mhz: 2300, Mhz Limit: 2300
Processor Information for processor 6
  Max Mhz: 2300, Current Mhz: 2300, Mhz Limit: 2300
Processor Information for processor 7
  Max Mhz: 2300, Current Mhz: 2300, Mhz Limit: 2300
Processor Information for processor 8
  Max Mhz: 2300, Current Mhz: 2300, Mhz Limit: 2300
Processor Information for processor 9
  Max Mhz: 2300, Current Mhz: 2300, Mhz Limit: 2300
Processor Information for processor 10
  Max Mhz: 2300, Current Mhz: 1506, Mhz Limit: 2300
Processor Information for processor 11
  Max Mhz: 2300, Current Mhz: 1506, Mhz Limit: 2300
Processor Information for processor 12
  Max Mhz: 2300, Current Mhz: 2300, Mhz Limit: 2300
Processor Information for processor 13
  Max Mhz: 2300, Current Mhz: 1488, Mhz Limit: 2300
Processor Information for processor 14
  Max Mhz: 2300, Current Mhz: 2300, Mhz Limit: 2300
Processor Information for processor 15
  Max Mhz: 2300, Current Mhz: 2300, Mhz Limit: 2300

Memory: 4k page, system-wide physical 16004M (1407M free)
TotalPageFile size 16004M (AvailPageFile size 47M)
current process WorkingSet (physical memory assigned to process): 13M, peak: 13M
current process commit charge ("private bytes"): 71M, peak: 323M

vm_info: Java HotSpot(TM) 64-Bit Server VM (21.0.7+8-LTS-245) for windows-amd64 JRE (21.0.7+8-LTS-245), built on 2025-02-21T05:11:27Z by "mach5one" with MS VC++ 17.6 (VS2022)

END.
